2026-04-03 12:28:36, MOVE, v:1, k:ed@triangulo, mode:PICK
2026-04-03 12:29:27, MOVE, v:1, k:ed@triangulo, mode:BACK
2026-04-03 12:36:44, MOVE, v:1, k:ed@triangulo, mode:PICK
2026-04-03 12:43:18, EXEC, v:1, k:ed@triangulo, mode:FULL, rate:0, size:56
2026-04-03 12:43:55, EXEC, v:1, k:ed@triangulo, mode:FULL, rate:0, size:57
2026-04-03 12:44:23, EXEC, v:1, k:ed@triangulo, mode:FULL, rate:0, size:57
2026-04-03 12:45:00, EXEC, v:1, k:ed@triangulo, mode:FULL, rate:0, size:57
2026-04-03 12:45:20, EXEC, v:1, k:ed@triangulo, mode:FULL, rate:0, size:57
2026-04-03 12:45:44, EXEC, v:1, k:ed@triangulo, mode:FULL, rate:0, size:57
2026-04-03 14:08:37, EXEC, v:1, k:ed@triangulo, mode:FULL, rate:0, size:57
2026-04-03 14:10:42, EXEC, v:1, k:ed@triangulo, mode:FULL, rate:0, size:59
2026-04-03 14:10:58, EXEC, v:1, k:ed@triangulo, mode:FULL, rate:0, size:58
2026-04-03 14:11:09, EXEC, v:1, k:ed@triangulo, mode:FULL, rate:0, size:57
2026-04-03 14:11:21, EXEC, v:1, k:ed@triangulo, mode:FULL, rate:0, size:57
2026-04-03 14:11:36, EXEC, v:1, k:ed@triangulo, mode:FULL, rate:0, size:57
2026-04-03 15:48:42, EXEC, v:1, k:ed@triangulo, mode:FULL, rate:0, size:59
2026-04-03 15:50:20, EXEC, v:1, k:ed@triangulo, mode:FULL, rate:0, size:57
2026-04-03 15:50:36, EXEC, v:1, k:ed@triangulo, mode:FULL, rate:0, size:57
2026-04-03 15:50:55, EXEC, v:1, k:ed@triangulo, mode:FULL, rate:0, size:57
2026-04-03 15:51:36, EXEC, v:1, k:ed@triangulo, mode:FULL, rate:0, size:57
2026-04-03 15:53:17, EXEC, v:1, k:ed@triangulo, mode:FULL, rate:0, size:57
2026-04-03 15:56:39, EXEC, v:1, k:ed@triangulo, mode:FULL, rate:0, size:57
2026-04-03 15:56:54, EXEC, v:1, k:ed@triangulo, mode:FULL, rate:0, size:57
2026-04-03 16:00:11, EXEC, v:1, k:ed@triangulo, mode:FULL, rate:0, size:57
2026-04-03 16:01:22, EXEC, v:1, k:ed@triangulo, mode:FULL, rate:0, size:57
2026-04-03 16:01:40, EXEC, v:1, k:ed@triangulo, mode:FULL, rate:0, size:56
2026-04-03 16:02:54, EXEC, v:1, k:ed@triangulo, mode:FULL, rate:0, size:56
2026-04-03 16:03:01, EXEC, v:1, k:ed@triangulo, mode:FULL, rate:0, size:56
2026-04-03 16:04:12, EXEC, v:1, k:ed@triangulo, mode:FULL, rate:0, size:58
2026-04-03 16:04:43, EXEC, v:1, k:ed@triangulo, mode:FULL, rate:0, size:60
2026-04-03 16:04:56, EXEC, v:1, k:ed@triangulo, mode:FULL, rate:100, size:60
2026-04-03 16:08:02, EXEC, v:1, k:ed@triangulo, mode:FULL, rate:100
2026-04-03 16:08:03, MOVE, v:1, k:ed@triangulo, mode:BACK
2026-04-03 16:08:47, MOVE, v:1, k:ed@triangulo, mode:PICK
2026-04-03 16:16:34, EXEC, v:1, k:ed@triangulo, mode:FULL, rate:100, size:59
2026-04-03 16:16:35, MOVE, v:1, k:ed@triangulo, mode:BACK
2026-04-03 16:17:00, MOVE, v:1, k:ed@treinando, mode:DOWN
2026-04-03 16:17:01, MOVE, v:1, k:ed@treinando, mode:PICK
2026-04-03 16:20:18, EXEC, v:1, k:ed@treinando, mode:FULL, rate:0, size:84
2026-04-03 16:25:47, EXEC, v:1, k:ed@treinando, mode:FULL, rate:0, size:85
2026-04-03 16:28:58, EXEC, v:1, k:ed@treinando, mode:FULL, rate:0, size:90
2026-04-03 16:31:22, EXEC, v:1, k:ed@treinando, mode:FULL, rate:16, size:87
2026-04-03 16:32:22, EXEC, v:1, k:ed@treinando, mode:FULL, rate:33, size:89
2026-04-03 16:44:27, EXEC, v:1, k:ed@treinando, mode:FULL, rate:33, size:94
2026-04-03 16:44:51, EXEC, v:1, k:ed@treinando, mode:FULL, rate:33, size:95
2026-04-03 16:45:14, EXEC, v:1, k:ed@treinando, mode:FULL, rate:0, size:95
2026-04-03 16:45:22, EXEC, v:1, k:ed@treinando, mode:FULL, rate:33, size:95
2026-04-03 16:45:38, EXEC, v:1, k:ed@treinando, mode:FULL, rate:0, size:95
2026-04-03 16:46:16, EXEC, v:1, k:ed@treinando, mode:FULL, rate:33, size:95
2026-04-03 16:47:00, EXEC, v:1, k:ed@treinando, mode:FULL, rate:33, size:95
2026-04-03 16:48:10, EXEC, v:1, k:ed@treinando, mode:FULL, rate:33, size:95
2026-04-03 16:51:37, EXEC, v:1, k:ed@treinando, mode:FULL, rate:33, size:94
2026-04-03 16:52:11, EXEC, v:1, k:ed@treinando, mode:FULL, rate:0, size:94
2026-04-03 16:52:25, EXEC, v:1, k:ed@treinando, mode:FULL, rate:0, size:95
2026-04-03 16:52:57, EXEC, v:1, k:ed@treinando, mode:FULL, rate:0, size:95
2026-04-03 16:53:41, EXEC, v:1, k:ed@treinando, mode:FULL, rate:0, size:95
2026-04-03 16:54:01, EXEC, v:1, k:ed@treinando, mode:FULL, rate:33, size:95
2026-04-03 16:54:30, EXEC, v:1, k:ed@treinando, mode:FULL, rate:33, size:95
2026-04-03 17:02:27, EXEC, v:1, k:ed@treinando, mode:FULL, rate:33
2026-04-03 17:04:00, MOVE, v:1, k:ed@treinando, mode:BACK
