2026-04-18 18:09:09, MOVE, v:1, k:ed@vetbuild, mode:PICK
2026-04-18 18:16:02, EXEC, v:1, k:ed@vetbuild, mode:FULL, rate:0, size:137
2026-04-18 18:16:26, EXEC, v:1, k:ed@vetbuild, mode:FULL, rate:0, size:138
2026-04-18 18:16:47, EXEC, v:1, k:ed@vetbuild, mode:FULL, rate:0, size:138
2026-04-18 18:17:58, EXEC, v:1, k:ed@vetbuild, mode:FULL, rate:0, size:142
2026-04-18 18:18:26, EXEC, v:1, k:ed@vetbuild, mode:FULL, rate:0, size:142
2026-04-18 18:18:33, EXEC, v:1, k:ed@vetbuild, mode:FULL, rate:18, size:142
2026-04-18 18:18:59, EXEC, v:1, k:ed@vetbuild, mode:FULL, rate:18, size:142
2026-04-18 18:18:57, MOVE, v:1, k:ed@vetbuild, mode:EDIT
2026-04-18 18:18:59, MOVE, v:1, k:ed@vetbuild, mode:EDIT
2026-04-18 18:21:15, EXEC, v:1, k:ed@vetbuild, mode:FULL, rate:9, size:147
2026-04-18 18:22:15, EXEC, v:1, k:ed@vetbuild, mode:FULL, rate:18, size:146
2026-04-18 18:22:04, MOVE, v:1, k:ed@vetbuild, mode:EDIT
2026-04-18 18:22:15, MOVE, v:1, k:ed@vetbuild, mode:EDIT
2026-04-18 18:24:29, EXEC, v:1, k:ed@vetbuild, mode:FULL, rate:9, size:154
2026-04-18 18:25:56, EXEC, v:1, k:ed@vetbuild, mode:FULL, rate:9, size:154
2026-04-18 18:26:13, EXEC, v:1, k:ed@vetbuild, mode:FULL, rate:18, size:153
2026-04-18 18:26:48, EXEC, v:1, k:ed@vetbuild, mode:FULL, rate:18, size:154
2026-04-18 18:27:27, EXEC, v:1, k:ed@vetbuild, mode:FULL, rate:18, size:154
2026-04-18 18:29:02, EXEC, v:1, k:ed@vetbuild, mode:FULL, rate:18, size:158
2026-04-18 18:29:00, MOVE, v:1, k:ed@vetbuild, mode:EDIT
2026-04-18 18:29:02, MOVE, v:1, k:ed@vetbuild, mode:EDIT
2026-04-18 18:29:33, EXEC, v:1, k:ed@vetbuild, mode:FULL, rate:9, size:158
2026-04-18 18:29:50, EXEC, v:1, k:ed@vetbuild, mode:FULL, rate:9, size:158
2026-04-18 18:29:58, EXEC, v:1, k:ed@vetbuild, mode:FULL, rate:18, size:157
2026-04-18 18:30:35, EXEC, v:1, k:ed@vetbuild, mode:FULL, rate:18, size:157
2026-04-18 18:30:48, EXEC, v:1, k:ed@vetbuild, mode:FULL, rate:9, size:158
2026-04-18 18:30:57, EXEC, v:1, k:ed@vetbuild, mode:FULL, rate:18, size:157
2026-04-18 18:31:30, EXEC, v:1, k:ed@vetbuild, mode:FULL, rate:9, size:158
2026-04-18 18:31:37, EXEC, v:1, k:ed@vetbuild, mode:FULL, rate:9, size:158
2026-04-18 18:32:07, EXEC, v:1, k:ed@vetbuild, mode:FULL, rate:9, size:158
2026-04-18 18:32:17, EXEC, v:1, k:ed@vetbuild, mode:FULL, rate:9, size:158
2026-04-18 18:32:35, EXEC, v:1, k:ed@vetbuild, mode:FULL, rate:9, size:158
2026-04-18 18:32:47, EXEC, v:1, k:ed@vetbuild, mode:FULL, rate:18, size:158
2026-04-18 18:33:12, EXEC, v:1, k:ed@vetbuild, mode:FULL, rate:18, size:157
2026-04-18 18:33:32, EXEC, v:1, k:ed@vetbuild, mode:FULL, rate:18, size:158
2026-04-18 18:33:47, EXEC, v:1, k:ed@vetbuild, mode:FULL, rate:18, size:158
2026-04-18 18:34:04, EXEC, v:1, k:ed@vetbuild, mode:FULL, rate:18, size:158
2026-04-18 18:34:02, MOVE, v:1, k:ed@vetbuild, mode:EDIT
2026-04-18 18:34:03, MOVE, v:1, k:ed@vetbuild, mode:EDIT
2026-04-18 18:34:12, EXEC, v:1, k:ed@vetbuild, mode:FULL, rate:18, size:158
2026-04-18 18:34:42, EXEC, v:1, k:ed@vetbuild, mode:FULL, rate:9, size:158
2026-04-18 18:34:56, EXEC, v:1, k:ed@vetbuild, mode:FULL, rate:9, size:158
2026-04-18 18:35:21, EXEC, v:1, k:ed@vetbuild, mode:FULL, rate:18, size:158
2026-04-18 18:35:32, EXEC, v:1, k:ed@vetbuild, mode:FULL, rate:18, size:158
2026-04-18 18:35:41, EXEC, v:1, k:ed@vetbuild, mode:FULL, rate:18, size:158
2026-04-18 18:35:55, EXEC, v:1, k:ed@vetbuild, mode:FULL, rate:9, size:158
2026-04-18 18:36:34, EXEC, v:1, k:ed@vetbuild, mode:FULL, rate:18, size:158
2026-04-18 18:37:00, EXEC, v:1, k:ed@vetbuild, mode:FULL, rate:18, size:158
2026-04-18 18:37:19, EXEC, v:1, k:ed@vetbuild, mode:FULL, rate:18, size:159
2026-04-18 18:37:34, EXEC, v:1, k:ed@vetbuild, mode:FULL, rate:9, size:159
2026-04-18 18:37:46, EXEC, v:1, k:ed@vetbuild, mode:FULL, rate:18, size:159
2026-04-18 18:37:58, EXEC, v:1, k:ed@vetbuild, mode:FULL, rate:18, size:158
2026-04-18 18:38:06, EXEC, v:1, k:ed@vetbuild, mode:FULL, rate:18, size:158
2026-04-18 18:38:15, EXEC, v:1, k:ed@vetbuild, mode:FULL, rate:18, size:158
2026-04-18 18:38:23, EXEC, v:1, k:ed@vetbuild, mode:FULL, rate:9, size:158
2026-04-18 18:38:21, MOVE, v:1, k:ed@vetbuild, mode:EDIT
2026-04-18 18:38:23, MOVE, v:1, k:ed@vetbuild, mode:EDIT
2026-04-18 18:40:25, EXEC, v:1, k:ed@vetbuild, mode:FULL, rate:18, size:159
2026-04-18 18:40:48, EXEC, v:1, k:ed@vetbuild, mode:FULL, rate:18, size:159
2026-04-18 18:41:35, EXEC, v:1, k:ed@vetbuild, mode:FULL, rate:18, size:159
2026-04-18 18:43:13, EXEC, v:1, k:ed@vetbuild, mode:FULL, rate:36, size:161
2026-04-18 18:43:11, MOVE, v:1, k:ed@vetbuild, mode:EDIT
2026-04-18 18:43:13, MOVE, v:1, k:ed@vetbuild, mode:EDIT
2026-04-18 19:00:29, EXEC, v:1, k:ed@vetbuild, mode:FULL, rate:36, size:169
2026-04-18 19:00:49, EXEC, v:1, k:ed@vetbuild, mode:FULL, rate:36, size:169
2026-04-18 19:00:47, MOVE, v:1, k:ed@vetbuild, mode:EDIT
2026-04-18 19:00:49, MOVE, v:1, k:ed@vetbuild, mode:EDIT
2026-04-18 19:17:47, MOVE, v:1, k:ed@vetbuild, mode:EDIT
2026-04-18 19:19:22, EXEC, v:1, k:ed@vetbuild, mode:FULL, rate:36, size:181
2026-04-18 19:19:36, EXEC, v:1, k:ed@vetbuild, mode:FULL, rate:36, size:181
2026-04-18 19:19:34, MOVE, v:1, k:ed@vetbuild, mode:EDIT
2026-04-18 19:19:36, MOVE, v:1, k:ed@vetbuild, mode:EDIT
2026-04-18 19:26:39, EXEC, v:1, k:ed@vetbuild, mode:FULL, rate:45, size:189
2026-04-18 19:29:06, MOVE, v:1, k:ed@vetbuild, mode:EDIT
2026-04-18 19:26:39, MOVE, v:1, k:ed@vetbuild, mode:EDIT
2026-04-18 19:32:32, EXEC, v:1, k:ed@vetbuild, mode:FULL, rate:54, size:207
2026-04-18 19:32:30, MOVE, v:1, k:ed@vetbuild, mode:EDIT
2026-04-18 19:32:32, MOVE, v:1, k:ed@vetbuild, mode:EDIT
2026-04-18 19:43:29, EXEC, v:1, k:ed@vetbuild, mode:FULL, rate:54, size:215
2026-04-18 19:43:27, MOVE, v:1, k:ed@vetbuild, mode:EDIT
2026-04-18 19:43:29, MOVE, v:1, k:ed@vetbuild, mode:EDIT
2026-04-18 19:44:13, EXEC, v:1, k:ed@vetbuild, mode:FULL, rate:63, size:216
2026-04-18 19:49:00, EXEC, v:1, k:ed@vetbuild, mode:FULL, rate:72, size:224
2026-04-18 19:48:57, MOVE, v:1, k:ed@vetbuild, mode:EDIT
2026-04-18 19:49:00, MOVE, v:1, k:ed@vetbuild, mode:EDIT
2026-04-18 19:55:49, EXEC, v:1, k:ed@vetbuild, mode:FULL, rate:72, size:234
2026-04-18 19:56:17, EXEC, v:1, k:ed@vetbuild, mode:FULL, rate:72, size:235
2026-04-18 19:56:47, EXEC, v:1, k:ed@vetbuild, mode:FULL, rate:81, size:236
2026-04-18 19:57:42, EXEC, v:1, k:ed@vetbuild, mode:FULL, rate:90, size:238
2026-04-18 19:57:40, MOVE, v:1, k:ed@vetbuild, mode:EDIT
2026-04-18 19:57:42, MOVE, v:1, k:ed@vetbuild, mode:EDIT
2026-04-18 19:59:42, EXEC, v:1, k:ed@vetbuild, mode:FULL, rate:90, size:238
2026-04-18 20:00:07, EXEC, v:1, k:ed@vetbuild, mode:FULL, rate:9, size:238
2026-04-18 20:00:15, EXEC, v:1, k:ed@vetbuild, mode:FULL, rate:90, size:238
2026-04-18 20:00:13, MOVE, v:1, k:ed@vetbuild, mode:EDIT
2026-04-18 20:00:15, MOVE, v:1, k:ed@vetbuild, mode:EDIT
2026-04-18 20:15:35, MOVE, v:1, k:ed@vetbuild, mode:EDIT
2026-04-18 20:20:00, EXEC, v:1, k:ed@vetbuild, mode:FULL, rate:90, size:249
2026-04-18 20:20:36, EXEC, v:1, k:ed@vetbuild, mode:FULL, rate:90, size:251
2026-04-18 20:20:34, MOVE, v:1, k:ed@vetbuild, mode:EDIT
2026-04-18 20:20:35, MOVE, v:1, k:ed@vetbuild, mode:EDIT
2026-04-18 20:41:15, EXEC, v:1, k:ed@vetbuild, mode:FULL, rate:90, size:244
2026-04-18 20:41:50, EXEC, v:1, k:ed@vetbuild, mode:FULL, size:246, fail:COMP
2026-04-18 20:42:04, EXEC, v:1, k:ed@vetbuild, mode:FULL, rate:90, size:247
2026-04-18 20:42:30, EXEC, v:1, k:ed@vetbuild, mode:FULL, rate:90, size:248
2026-04-18 20:42:28, MOVE, v:1, k:ed@vetbuild, mode:EDIT
2026-04-18 20:42:30, MOVE, v:1, k:ed@vetbuild, mode:EDIT
2026-04-18 20:44:36, MOVE, v:1, k:ed@vetbuild, mode:EDIT
2026-04-18 21:01:18, EXEC, v:1, k:ed@vetbuild, mode:FULL, rate:100, size:247
2026-04-18 21:01:15, MOVE, v:1, k:ed@vetbuild, mode:EDIT
2026-04-18 21:01:18, MOVE, v:1, k:ed@vetbuild, mode:EDIT
2026-04-18 21:06:05, EXEC, v:1, k:ed@vetbuild, mode:FULL, rate:100, size:248
2026-04-18 21:06:00, MOVE, v:1, k:ed@vetbuild, mode:EDIT
2026-04-18 21:06:05, MOVE, v:1, k:ed@vetbuild, mode:EDIT
2026-04-18 21:16:18, EXEC, v:1, k:ed@vetbuild, mode:FULL, rate:90, size:248
2026-04-18 21:16:27, EXEC, v:1, k:ed@vetbuild, mode:FULL, rate:100, size:248
2026-04-18 21:17:27, MOVE, v:1, k:ed@vetbuild, mode:BACK
2026-04-18 21:18:06, MOVE, v:1, k:ed@vetbuild, mode:PICK
2026-04-18 21:18:07, EXEC, v:1, k:ed@vetbuild, mode:FULL, rate:100
2026-04-18 21:18:08, MOVE, v:1, k:ed@vetbuild, mode:BACK
2026-04-18 21:18:38, SELF, v:1, k:ed@vetbuild, self:1, rate:100, study:720, concept:1, refactor:1
2026-04-18 21:18:44, MOVE, v:1, k:ed@setbuild, mode:DOWN
2026-04-18 21:18:44, MOVE, v:1, k:ed@setbuild, mode:PICK
2026-04-18 21:18:45, EXEC, v:1, k:ed@setbuild, mode:FULL, rate:0, size:45
2026-04-18 21:18:53, MOVE, v:1, k:ed@setbuild, mode:BACK
2026-04-18 21:19:00, MOVE, v:1, k:eval1@apagando, mode:PICK
2026-04-18 21:19:01, EXEC, v:1, k:eval1@apagando, mode:FULL, rate:100
2026-04-18 21:19:02, MOVE, v:1, k:eval1@apagando, mode:BACK
2026-04-18 21:19:05, MOVE, v:1, k:eval1@casais, mode:PICK
2026-04-18 21:19:06, EXEC, v:1, k:eval1@casais, mode:FULL, rate:100
2026-04-18 21:19:07, MOVE, v:1, k:eval1@casais, mode:BACK
2026-04-18 21:19:08, MOVE, v:1, k:eval1@triangulo, mode:PICK
2026-04-18 21:19:08, EXEC, v:1, k:eval1@triangulo, mode:FULL, rate:100
2026-04-18 21:19:09, MOVE, v:1, k:eval1@triangulo, mode:BACK
2026-04-18 21:19:58, MOVE, v:1, k:ed@vetbuild, mode:PICK
2026-04-18 21:19:59, EXEC, v:1, k:ed@vetbuild, mode:FULL, rate:100
2026-04-18 21:20:02, MOVE, v:1, k:ed@vetbuild, mode:BACK
2026-04-18 21:20:07, MOVE, v:1, k:ed@princesa, mode:PICK
2026-04-18 21:20:07, EXEC, v:1, k:ed@princesa, mode:FULL, rate:100
2026-04-18 21:20:34, MOVE, v:1, k:ed@princesa, mode:BACK
2026-04-18 21:20:37, MOVE, v:1, k:ed@vetbuild, mode:PICK
2026-04-18 21:20:38, EXEC, v:1, k:ed@vetbuild, mode:FULL, rate:100
2026-04-18 21:20:39, MOVE, v:1, k:ed@vetbuild, mode:BACK
