2026-05-25 09:50:53, MOVE, v:1, k:ed@editorint, mode:PICK
2026-05-25 09:50:56, EXEC, v:1, k:ed@editorint, mode:LOCK, rate:100, size:258
2026-05-25 09:50:58, MOVE, v:1, k:ed@editorint, mode:BACK
2026-05-25 09:51:04, MOVE, v:1, k:ed@editorint, mode:PICK
2026-05-25 09:50:54, MOVE, v:1, k:ed@editorint, mode:EDIT
2026-05-25 10:01:32, EXEC, v:1, k:ed@editorint, mode:FREE
2026-05-25 10:01:32, MOVE, v:1, k:ed@editorint, mode:EDIT
2026-05-25 10:02:24, EXEC, v:1, k:ed@editorint, mode:FREE
2026-05-25 10:04:36, MOVE, v:1, k:ed@editorint, mode:EDIT
2026-05-25 10:02:25, MOVE, v:1, k:ed@editorint, mode:EDIT
2026-05-25 10:08:51, EXEC, v:1, k:ed@editorint, mode:FREE
2026-05-25 10:09:32, EXEC, v:1, k:ed@editorint, mode:FREE
2026-05-25 10:08:18, MOVE, v:1, k:ed@editorint, mode:EDIT
2026-05-25 10:09:32, MOVE, v:1, k:ed@editorint, mode:EDIT
2026-05-25 10:12:10, EXEC, v:1, k:ed@editorint, mode:FREE
2026-05-25 10:14:42, EXEC, v:1, k:ed@editorint, mode:FREE
2026-05-25 10:14:42, MOVE, v:1, k:ed@editorint, mode:EDIT
2026-05-25 10:16:22, MOVE, v:1, k:ed@editorint, mode:EDIT
2026-05-25 10:16:45, EXEC, v:1, k:ed@editorint, mode:FREE
2026-05-25 10:16:45, MOVE, v:1, k:ed@editorint, mode:EDIT
2026-05-25 10:26:41, EXEC, v:1, k:ed@editorint, mode:FREE
