2026-04-14 10:18:00, MOVE, v:1, k:eval1@baruel, mode:DOWN
2026-04-14 10:18:00, MOVE, v:1, k:eval1@baruel, mode:PICK
2026-04-14 10:18:00, MOVE, v:1, k:eval1@baruel, mode:EDIT
2026-04-14 10:18:00, MOVE, v:1, k:eval1@baruel, mode:EDIT
2026-04-14 10:18:00, MOVE, v:1, k:eval1@baruel, mode:EDIT
2026-04-14 10:24:15, EXEC, v:1, k:eval1@baruel, mode:FULL, size:27, fail:COMP
2026-04-14 10:24:22, EXEC, v:1, k:eval1@baruel, mode:FULL, rate:0, size:27
2026-04-14 10:26:07, EXEC, v:1, k:eval1@baruel, mode:FULL, rate:0, size:35
2026-04-14 10:26:34, EXEC, v:1, k:eval1@baruel, mode:FULL, rate:0, size:34
2026-04-14 10:26:32, MOVE, v:1, k:eval1@baruel, mode:EDIT
2026-04-14 10:26:34, MOVE, v:1, k:eval1@baruel, mode:EDIT
2026-04-14 10:30:06, EXEC, v:1, k:eval1@baruel, mode:FULL, rate:0, size:51
2026-04-14 10:30:58, EXEC, v:1, k:eval1@baruel, mode:FULL, rate:100, size:54
2026-04-14 10:31:00, MOVE, v:1, k:eval1@baruel, mode:BACK
2026-04-14 10:31:17, SELF, v:1, k:eval1@baruel, self:1, rate:100, study:15
2026-04-14 10:31:22, MOVE, v:1, k:eval1@apagando, mode:DOWN
2026-04-14 10:31:23, MOVE, v:1, k:eval1@apagando, mode:PICK
2026-04-14 10:30:57, MOVE, v:1, k:eval1@baruel, mode:EDIT
2026-04-14 10:30:58, MOVE, v:1, k:eval1@baruel, mode:EDIT
2026-04-14 10:31:22, MOVE, v:1, k:eval1@apagando, mode:EDIT
2026-04-14 10:31:22, MOVE, v:1, k:eval1@apagando, mode:EDIT
2026-04-14 10:31:22, MOVE, v:1, k:eval1@apagando, mode:EDIT
2026-04-14 10:41:17, EXEC, v:1, k:eval1@apagando, mode:FULL, rate:0, size:44
2026-04-14 10:41:33, EXEC, v:1, k:eval1@apagando, mode:FULL, rate:0, size:44
2026-04-14 10:41:54, EXEC, v:1, k:eval1@apagando, mode:FULL, rate:0, size:45
2026-04-14 10:42:08, EXEC, v:1, k:eval1@apagando, mode:FULL, rate:0, size:45
2026-04-14 10:42:18, EXEC, v:1, k:eval1@apagando, mode:FULL, rate:0, size:44
2026-04-14 10:42:16, MOVE, v:1, k:eval1@apagando, mode:EDIT
2026-04-14 10:42:18, MOVE, v:1, k:eval1@apagando, mode:EDIT
2026-04-14 10:43:20, EXEC, v:1, k:eval1@apagando, mode:FULL, rate:0, size:46
2026-04-14 10:43:40, EXEC, v:1, k:eval1@apagando, mode:FULL, rate:0, size:46
2026-04-14 10:44:52, EXEC, v:1, k:eval1@apagando, mode:FULL, rate:0, size:46
2026-04-14 10:45:00, EXEC, v:1, k:eval1@apagando, mode:FULL, rate:0, size:46
2026-04-14 10:46:13, EXEC, v:1, k:eval1@apagando, mode:FULL, rate:0, size:48
2026-04-14 10:46:26, EXEC, v:1, k:eval1@apagando, mode:FULL, rate:100, size:48
2026-04-14 10:46:29, MOVE, v:1, k:eval1@apagando, mode:BACK
2026-04-14 10:46:43, SELF, v:1, k:eval1@apagando, self:1, rate:100, study:25
2026-04-14 10:46:48, MOVE, v:1, k:eval1@casais, mode:DOWN
2026-04-14 10:46:49, MOVE, v:1, k:eval1@casais, mode:PICK
2026-04-14 10:46:25, MOVE, v:1, k:eval1@apagando, mode:EDIT
2026-04-14 10:46:26, MOVE, v:1, k:eval1@apagando, mode:EDIT
2026-04-14 10:46:48, MOVE, v:1, k:eval1@casais, mode:EDIT
2026-04-14 10:46:48, MOVE, v:1, k:eval1@casais, mode:EDIT
2026-04-14 10:46:48, MOVE, v:1, k:eval1@casais, mode:EDIT
2026-04-14 10:50:21, EXEC, v:1, k:eval1@casais, mode:FULL, rate:100, size:28
2026-04-14 10:50:24, MOVE, v:1, k:eval1@casais, mode:BACK
2026-04-14 10:50:35, SELF, v:1, k:eval1@casais, self:1, rate:100, study:7
2026-04-14 10:50:39, MOVE, v:1, k:eval1@triangulo, mode:DOWN
2026-04-14 10:50:40, MOVE, v:1, k:eval1@triangulo, mode:PICK
2026-04-14 10:52:54, EXEC, v:1, k:eval1@triangulo, mode:FULL, rate:0, size:57
2026-04-14 10:50:19, MOVE, v:1, k:eval1@casais, mode:EDIT
2026-04-14 10:50:21, MOVE, v:1, k:eval1@casais, mode:EDIT
2026-04-14 10:50:39, MOVE, v:1, k:eval1@triangulo, mode:EDIT
2026-04-14 10:50:39, MOVE, v:1, k:eval1@triangulo, mode:EDIT
2026-04-14 10:52:52, MOVE, v:1, k:eval1@triangulo, mode:EDIT
2026-04-14 10:52:53, MOVE, v:1, k:eval1@triangulo, mode:EDIT
2026-04-14 10:53:19, EXEC, v:1, k:eval1@triangulo, mode:FULL, rate:0, size:57
2026-04-14 10:53:47, EXEC, v:1, k:eval1@triangulo, mode:FULL, rate:0
2026-04-14 10:54:17, EXEC, v:1, k:eval1@triangulo, mode:FULL, rate:0, size:57
2026-04-14 10:55:55, EXEC, v:1, k:eval1@triangulo, mode:FULL, rate:0, size:57
2026-04-14 10:56:17, EXEC, v:1, k:eval1@triangulo, mode:FULL, rate:0, size:57
2026-04-14 10:56:27, EXEC, v:1, k:eval1@triangulo, mode:FULL, rate:0, size:57
2026-04-14 10:56:42, EXEC, v:1, k:eval1@triangulo, mode:FULL, rate:0, size:57
2026-04-14 10:56:52, EXEC, v:1, k:eval1@triangulo, mode:FULL, rate:0, size:57
2026-04-14 10:57:11, EXEC, v:1, k:eval1@triangulo, mode:FULL, rate:0, size:57
2026-04-14 10:57:18, EXEC, v:1, k:eval1@triangulo, mode:FULL, size:57, fail:COMP
2026-04-14 10:57:38, EXEC, v:1, k:eval1@triangulo, mode:FULL, rate:0, size:57
2026-04-14 10:57:52, EXEC, v:1, k:eval1@triangulo, mode:FULL, rate:0, size:57
2026-04-14 10:57:56, MOVE, v:1, k:eval1@triangulo, mode:EDIT
2026-04-14 10:57:50, MOVE, v:1, k:eval1@triangulo, mode:EDIT
2026-04-14 10:58:00, EXEC, v:1, k:eval1@triangulo, mode:FULL, rate:0, size:57
2026-04-14 10:59:32, EXEC, v:1, k:eval1@triangulo, mode:FULL, rate:0, size:60
2026-04-14 10:59:55, EXEC, v:1, k:eval1@triangulo, mode:FULL, size:60, fail:COMP
2026-04-14 11:00:42, EXEC, v:1, k:eval1@triangulo, mode:FULL, rate:0, size:58
2026-04-14 11:01:01, EXEC, v:1, k:eval1@triangulo, mode:FULL, rate:0, size:58
2026-04-14 11:01:12, EXEC, v:1, k:eval1@triangulo, mode:FULL, rate:0, size:58
2026-04-14 11:02:24, EXEC, v:1, k:eval1@triangulo, mode:FULL, rate:0, size:60
2026-04-14 11:02:51, EXEC, v:1, k:eval1@triangulo, mode:FULL, rate:0, size:60
2026-04-14 11:02:51, MOVE, v:1, k:eval1@triangulo, mode:EDIT
2026-04-14 11:02:49, MOVE, v:1, k:eval1@triangulo, mode:EDIT
2026-04-14 11:03:12, EXEC, v:1, k:eval1@triangulo, mode:FULL, rate:0, size:60
2026-04-14 11:04:52, EXEC, v:1, k:eval1@triangulo, mode:FULL, rate:0, size:64
2026-04-14 11:05:06, EXEC, v:1, k:eval1@triangulo, mode:FULL, rate:0, size:64
2026-04-14 11:05:36, EXEC, v:1, k:eval1@triangulo, mode:FULL, rate:0, size:65
2026-04-14 11:06:57, EXEC, v:1, k:eval1@triangulo, mode:FULL, rate:0, size:62
2026-04-14 11:07:06, EXEC, v:1, k:eval1@triangulo, mode:FULL, rate:0, size:62
2026-04-14 11:07:13, EXEC, v:1, k:eval1@triangulo, mode:FULL, rate:0, size:62
2026-04-14 11:07:26, EXEC, v:1, k:eval1@triangulo, mode:FULL, rate:100, size:62
2026-04-14 11:07:28, MOVE, v:1, k:eval1@triangulo, mode:BACK
2026-04-14 11:07:35, SELF, v:1, k:eval1@triangulo, self:1, rate:100, study:30
2026-04-14 11:07:39, MOVE, v:1, k:eval1@queimada, mode:DOWN
2026-04-14 11:07:40, MOVE, v:1, k:eval1@queimada, mode:PICK
2026-04-14 11:07:25, MOVE, v:1, k:eval1@triangulo, mode:EDIT
2026-04-14 11:07:26, MOVE, v:1, k:eval1@triangulo, mode:EDIT
2026-04-14 11:07:39, MOVE, v:1, k:eval1@queimada, mode:EDIT
2026-04-14 11:07:39, MOVE, v:1, k:eval1@queimada, mode:EDIT
2026-04-14 11:07:39, MOVE, v:1, k:eval1@queimada, mode:EDIT
2026-04-14 11:12:44, EXEC, v:1, k:eval1@queimada, mode:FULL, rate:14, size:38
2026-04-14 11:12:44, MOVE, v:1, k:eval1@queimada, mode:EDIT
2026-04-14 11:13:10, EXEC, v:1, k:eval1@queimada, mode:FULL, rate:0, size:53
2026-04-14 11:13:48, EXEC, v:1, k:eval1@queimada, mode:FULL, rate:14, size:52
2026-04-14 11:14:49, EXEC, v:1, k:eval1@queimada, mode:FULL, rate:14
2026-04-14 11:15:29, EXEC, v:1, k:eval1@queimada, mode:FULL, rate:14, size:51
2026-04-14 11:16:02, EXEC, v:1, k:eval1@queimada, mode:FULL, rate:14, size:51
2026-04-14 11:17:08, EXEC, v:1, k:eval1@queimada, mode:FULL, rate:14, size:51
2026-04-14 11:17:06, MOVE, v:1, k:eval1@queimada, mode:EDIT
2026-04-14 11:17:08, MOVE, v:1, k:eval1@queimada, mode:EDIT
2026-04-14 11:18:41, EXEC, v:1, k:eval1@queimada, mode:FULL, rate:0, size:51
2026-04-14 11:18:49, EXEC, v:1, k:eval1@queimada, mode:FULL, rate:0, size:51
2026-04-14 11:19:39, EXEC, v:1, k:eval1@queimada, mode:FULL, rate:0
2026-04-14 11:21:03, EXEC, v:1, k:eval1@queimada, mode:FULL, rate:0, size:51
2026-04-14 11:21:39, EXEC, v:1, k:eval1@queimada, mode:FULL, rate:0, size:51
2026-04-14 11:22:14, EXEC, v:1, k:eval1@queimada, mode:FULL, rate:0, size:51
2026-04-14 11:22:29, EXEC, v:1, k:eval1@queimada, mode:FULL, rate:0
2026-04-14 11:22:12, MOVE, v:1, k:eval1@queimada, mode:EDIT
2026-04-14 11:22:29, MOVE, v:1, k:eval1@queimada, mode:EDIT
2026-04-14 11:23:20, EXEC, v:1, k:eval1@queimada, mode:FULL, rate:0
2026-04-14 11:24:00, EXEC, v:1, k:eval1@queimada, mode:FULL, size:51, fail:COMP
2026-04-14 11:24:19, EXEC, v:1, k:eval1@queimada, mode:FULL, rate:0, size:51
2026-04-14 11:24:29, EXEC, v:1, k:eval1@queimada, mode:FULL, rate:14, size:51
2026-04-14 11:24:39, EXEC, v:1, k:eval1@queimada, mode:FULL, rate:14, size:51
2026-04-14 11:24:49, EXEC, v:1, k:eval1@queimada, mode:FULL, rate:0, size:51
2026-04-14 11:25:08, EXEC, v:1, k:eval1@queimada, mode:FULL, rate:0, size:51
2026-04-14 11:25:19, EXEC, v:1, k:eval1@queimada, mode:FULL, rate:0, size:51
2026-04-14 11:25:44, EXEC, v:1, k:eval1@queimada, mode:FULL, rate:0, size:51
2026-04-14 11:26:01, EXEC, v:1, k:eval1@queimada, mode:FULL, rate:14, size:51
2026-04-14 11:26:14, EXEC, v:1, k:eval1@queimada, mode:FULL, rate:14, size:51
2026-04-14 11:26:22, EXEC, v:1, k:eval1@queimada, mode:FULL, rate:14, size:51
2026-04-14 11:26:35, EXEC, v:1, k:eval1@queimada, mode:FULL, rate:14, size:51
2026-04-14 11:27:03, EXEC, v:1, k:eval1@queimada, mode:FULL, rate:14
2026-04-14 11:27:39, EXEC, v:1, k:eval1@queimada, mode:FULL, rate:14
2026-04-14 11:27:39, MOVE, v:1, k:eval1@queimada, mode:EDIT
2026-04-14 11:27:36, MOVE, v:1, k:eval1@queimada, mode:EDIT
2026-04-14 11:28:18, EXEC, v:1, k:eval1@queimada, mode:FULL, rate:14, size:53
2026-04-14 11:28:30, EXEC, v:1, k:eval1@queimada, mode:FULL, rate:14, size:51
2026-04-14 11:29:04, EXEC, v:1, k:eval1@queimada, mode:FULL, rate:14
2026-04-14 11:30:49, EXEC, v:1, k:eval1@queimada, mode:FULL, rate:14
2026-04-14 11:31:31, EXEC, v:1, k:eval1@queimada, mode:FULL, rate:14, size:51
2026-04-14 11:31:30, MOVE, v:1, k:eval1@queimada, mode:EDIT
2026-04-14 11:31:31, MOVE, v:1, k:eval1@queimada, mode:EDIT
2026-04-14 11:33:55, EXEC, v:1, k:eval1@queimada, mode:FULL, rate:14, size:48
2026-04-14 11:34:07, EXEC, v:1, k:eval1@queimada, mode:FULL, rate:14, size:47
2026-04-14 11:35:07, EXEC, v:1, k:eval1@queimada, mode:FULL, rate:14, size:51
2026-04-14 11:35:05, MOVE, v:1, k:eval1@queimada, mode:EDIT
2026-04-14 11:35:07, MOVE, v:1, k:eval1@queimada, mode:EDIT
2026-04-14 11:39:13, EXEC, v:1, k:eval1@queimada, mode:FULL, rate:14, size:51
2026-04-14 11:39:23, EXEC, v:1, k:eval1@queimada, mode:FULL, rate:100, size:51
2026-04-14 11:39:27, MOVE, v:1, k:eval1@queimada, mode:BACK
2026-04-14 11:39:28, MOVE, v:1, k:eval1@queimada, mode:PICK
2026-04-14 11:39:46, EXEC, v:1, k:eval1@queimada, mode:FULL, rate:0, size:51
2026-04-14 11:40:00, EXEC, v:1, k:eval1@queimada, mode:FULL, rate:100, size:51
2026-04-14 11:41:38, EXEC, v:1, k:eval1@queimada, mode:FULL, rate:100, size:51
2026-04-14 11:41:53, MOVE, v:1, k:eval1@queimada, mode:BACK
2026-04-14 11:42:11, SELF, v:1, k:eval1@queimada, self:1, rate:100, study:50
2026-04-14 11:41:37, MOVE, v:1, k:eval1@queimada, mode:EDIT
2026-04-14 11:41:38, MOVE, v:1, k:eval1@queimada, mode:EDIT
2026-04-14 13:30:40, MOVE, v:1, k:eval1@baruel, mode:PICK
2026-04-14 13:30:40, MOVE, v:1, k:eval1@baruel, mode:BACK
2026-04-14 13:30:41, MOVE, v:1, k:eval1@baruel, mode:PICK
2026-04-14 13:30:41, EXEC, v:1, k:eval1@baruel, mode:FULL, rate:100
2026-04-14 13:30:42, MOVE, v:1, k:eval1@baruel, mode:BACK
2026-04-14 13:30:43, MOVE, v:1, k:eval1@apagando, mode:PICK
2026-04-14 13:30:43, EXEC, v:1, k:eval1@apagando, mode:FULL, rate:100
2026-04-14 13:30:43, MOVE, v:1, k:eval1@apagando, mode:BACK
2026-04-14 13:30:44, MOVE, v:1, k:eval1@casais, mode:PICK
2026-04-14 13:30:45, EXEC, v:1, k:eval1@casais, mode:FULL, rate:100
2026-04-14 13:30:45, MOVE, v:1, k:eval1@casais, mode:BACK
2026-04-14 13:30:46, MOVE, v:1, k:eval1@triangulo, mode:PICK
2026-04-14 13:30:46, EXEC, v:1, k:eval1@triangulo, mode:FULL, rate:100
2026-04-14 13:30:46, MOVE, v:1, k:eval1@triangulo, mode:BACK
2026-04-14 13:31:02, SELF, v:1, k:eval1@apagando, self:1, rate:100, study:15
2026-04-14 13:31:07, SELF, v:1, k:eval1@baruel, self:1, rate:100, study:13
2026-04-14 13:31:13, SELF, v:1, k:eval1@casais, self:1, rate:100, study:3
2026-04-14 13:31:19, SELF, v:1, k:eval1@triangulo, self:1, rate:100, study:16
2026-04-14 13:31:26, SELF, v:1, k:eval1@queimada, self:1, rate:100, study:34
2026-04-14 13:31:33, MOVE, v:1, k:ed@treinando, mode:PICK
2026-04-14 13:31:34, EXEC, v:1, k:ed@treinando, mode:FULL, rate:100
2026-04-14 13:31:35, MOVE, v:1, k:ed@treinando, mode:BACK
2026-04-14 13:31:39, MOVE, v:1, k:ed@fractais_png, mode:PICK
2026-04-14 13:31:50, EXEC, v:1, k:ed@fractais_png, mode:LOCK, rate:0
2026-04-14 13:30:41, MOVE, v:1, k:eval1@baruel, mode:EDIT
2026-04-14 13:30:43, MOVE, v:1, k:eval1@apagando, mode:EDIT
2026-04-14 13:30:45, MOVE, v:1, k:eval1@casais, mode:EDIT
2026-04-14 13:30:46, MOVE, v:1, k:eval1@triangulo, mode:EDIT
2026-04-14 13:31:34, MOVE, v:1, k:ed@treinando, mode:EDIT
2026-04-14 13:31:50, MOVE, v:1, k:ed@fractais_png, mode:EDIT
2026-04-14 13:31:50, MOVE, v:1, k:ed@fractais_png, mode:EDIT
2026-04-14 13:39:22, EXEC, v:1, k:ed@fractais_png, mode:LOCK, rate:0
2026-04-14 13:39:23, EXEC, v:1, k:ed@fractais_png, mode:LOCK, rate:0
2026-04-14 13:39:23, MOVE, v:1, k:ed@fractais_png, mode:EDIT
2026-04-14 13:39:23, MOVE, v:1, k:ed@fractais_png, mode:EDIT
2026-04-14 13:43:07, MOVE, v:1, k:ed@fractais_png, mode:EDIT
2026-04-14 13:43:07, MOVE, v:1, k:ed@fractais_png, mode:EDIT
2026-04-14 13:45:51, MOVE, v:1, k:ed@fractais_png, mode:EDIT
2026-04-14 15:40:10, MOVE, v:1, k:ed@treinando, mode:PICK
2026-04-14 15:40:11, EXEC, v:1, k:ed@treinando, mode:FULL, rate:100
2026-04-14 15:40:12, MOVE, v:1, k:ed@treinando, mode:BACK
2026-04-14 15:40:15, MOVE, v:1, k:ed@labirinto, mode:PICK
2026-04-14 15:40:15, EXEC, v:1, k:ed@labirinto, mode:FULL, size:68, fail:COMP
2026-04-14 15:40:17, MOVE, v:1, k:ed@labirinto, mode:BACK
2026-04-14 15:40:38, SELF, v:1, k:ed@eh_primo, self:1, rate:100, study:15
2026-04-14 15:40:39, MOVE, v:1, k:ed@eh_primo, mode:PICK
2026-04-14 15:40:40, EXEC, v:1, k:ed@eh_primo, mode:FULL, rate:100
2026-04-14 15:40:41, MOVE, v:1, k:ed@eh_primo, mode:BACK
2026-04-14 15:40:44, MOVE, v:1, k:ed@queimada, mode:PICK
2026-04-14 15:40:45, EXEC, v:1, k:ed@queimada, mode:FULL, rate:100
2026-04-14 15:40:45, MOVE, v:1, k:ed@queimada, mode:BACK
2026-04-14 15:40:58, SELF, v:1, k:ed@queimada, self:1, rate:100, study:20
2026-04-14 15:41:05, SELF, v:1, k:ed@mdc, self:1, rate:100, study:20
2026-04-14 15:41:13, SELF, v:1, k:ed@resto, self:1, rate:100, study:15
2026-04-14 15:41:22, SELF, v:1, k:ed@treinando, self:1, rate:100, study:147
2026-04-14 15:41:29, SELF, v:1, k:ed@triangulo, self:1, rate:100, study:49
