2026-05-01 20:39:52, MOVE, v:1, k:ed@lista_d1, mode:PICK
2026-05-01 21:08:42, EXEC, v:1, k:ed@lista_d1, mode:FULL, rate:14, size:86
2026-05-01 21:10:56, MOVE, v:1, k:ed@lista_d1, mode:EDIT
2026-05-01 21:08:42, MOVE, v:1, k:ed@lista_d1, mode:EDIT
2026-05-01 21:14:08, MOVE, v:1, k:ed@lista_d1, mode:EDIT
2026-05-01 21:18:54, EXEC, v:1, k:ed@lista_d1, mode:FULL, rate:14, size:102
2026-05-01 21:19:20, EXEC, v:1, k:ed@lista_d1, mode:FULL, rate:14, size:102
2026-05-01 21:20:06, EXEC, v:1, k:ed@lista_d1, mode:FULL, rate:14, size:102
2026-05-01 21:20:56, EXEC, v:1, k:ed@lista_d1, mode:FULL, rate:14, size:102
2026-05-01 21:21:37, EXEC, v:1, k:ed@lista_d1, mode:FULL, rate:14, size:102
2026-05-01 21:21:54, EXEC, v:1, k:ed@lista_d1, mode:FULL, rate:14, size:102
2026-05-01 21:21:52, MOVE, v:1, k:ed@lista_d1, mode:EDIT
2026-05-01 21:21:54, MOVE, v:1, k:ed@lista_d1, mode:EDIT
2026-05-01 21:22:49, EXEC, v:1, k:ed@lista_d1, mode:FULL, rate:14, size:106
2026-05-01 21:23:18, EXEC, v:1, k:ed@lista_d1, mode:FULL, rate:14, size:106
2026-05-01 21:23:29, EXEC, v:1, k:ed@lista_d1, mode:FULL, rate:14, size:106
2026-05-01 21:23:46, EXEC, v:1, k:ed@lista_d1, mode:FULL, rate:28, size:106
2026-05-01 21:24:58, EXEC, v:1, k:ed@lista_d1, mode:FULL, rate:14, size:106
2026-05-01 21:25:46, EXEC, v:1, k:ed@lista_d1, mode:FULL, rate:28, size:106
2026-05-01 21:25:44, MOVE, v:1, k:ed@lista_d1, mode:EDIT
2026-05-01 21:25:46, MOVE, v:1, k:ed@lista_d1, mode:EDIT
2026-05-01 21:28:48, EXEC, v:1, k:ed@lista_d1, mode:FULL, size:108, fail:COMP
2026-05-01 21:28:51, EXEC, v:1, k:ed@lista_d1, mode:FULL, rate:42, size:108
2026-05-01 21:28:49, MOVE, v:1, k:ed@lista_d1, mode:EDIT
2026-05-01 21:28:51, MOVE, v:1, k:ed@lista_d1, mode:EDIT
2026-05-01 22:07:04, EXEC, v:1, k:ed@lista_d1, mode:FULL, rate:42, size:119
2026-05-01 22:07:02, MOVE, v:1, k:ed@lista_d1, mode:EDIT
2026-05-01 22:07:04, MOVE, v:1, k:ed@lista_d1, mode:EDIT
2026-05-01 22:08:00, EXEC, v:1, k:ed@lista_d1, mode:FULL, rate:42, size:122
2026-05-01 22:08:11, EXEC, v:1, k:ed@lista_d1, mode:FULL, rate:42, size:122
2026-05-01 22:08:33, EXEC, v:1, k:ed@lista_d1, mode:FULL, rate:42
2026-05-01 22:12:34, EXEC, v:1, k:ed@lista_d1, mode:FULL, rate:57, size:122
2026-05-01 22:12:32, MOVE, v:1, k:ed@lista_d1, mode:EDIT
2026-05-01 22:12:34, MOVE, v:1, k:ed@lista_d1, mode:EDIT
2026-05-01 22:23:07, MOVE, v:1, k:ed@lista_d1, mode:EDIT
2026-05-01 22:49:52, EXEC, v:1, k:ed@lista_d1, mode:FULL, size:101, fail:COMP
2026-05-01 22:49:59, EXEC, v:1, k:ed@lista_d1, mode:FULL, size:101, fail:COMP
2026-05-01 22:50:08, EXEC, v:1, k:ed@lista_d1, mode:FULL, rate:14, size:101
2026-05-01 22:50:17, EXEC, v:1, k:ed@lista_d1, mode:FULL, rate:14, size:102
2026-05-01 22:51:01, EXEC, v:1, k:ed@lista_d1, mode:FULL, rate:42, size:106
2026-05-01 22:50:59, MOVE, v:1, k:ed@lista_d1, mode:EDIT
2026-05-01 22:51:01, MOVE, v:1, k:ed@lista_d1, mode:EDIT
2026-05-01 22:56:15, EXEC, v:1, k:ed@lista_d1, mode:FULL, rate:42, size:122
2026-05-01 22:57:04, EXEC, v:1, k:ed@lista_d1, mode:FULL, rate:57, size:122
2026-05-01 22:57:02, MOVE, v:1, k:ed@lista_d1, mode:EDIT
2026-05-01 22:57:04, MOVE, v:1, k:ed@lista_d1, mode:EDIT
2026-05-01 23:02:18, EXEC, v:1, k:ed@lista_d1, mode:FULL, rate:71, size:135
2026-05-01 23:02:16, MOVE, v:1, k:ed@lista_d1, mode:EDIT
2026-05-01 23:02:18, MOVE, v:1, k:ed@lista_d1, mode:EDIT
2026-05-01 23:02:45, EXEC, v:1, k:ed@lista_d1, mode:FULL, rate:28, size:135
2026-05-01 23:03:08, EXEC, v:1, k:ed@lista_d1, mode:FULL, rate:71, size:135
2026-05-01 23:03:06, MOVE, v:1, k:ed@lista_d1, mode:EDIT
2026-05-01 23:03:08, MOVE, v:1, k:ed@lista_d1, mode:EDIT
2026-05-01 23:10:51, EXEC, v:1, k:ed@lista_d1, mode:FULL, rate:85, size:138
2026-05-01 23:10:49, MOVE, v:1, k:ed@lista_d1, mode:EDIT
2026-05-01 23:10:51, MOVE, v:1, k:ed@lista_d1, mode:EDIT
2026-05-01 23:12:57, EXEC, v:1, k:ed@lista_d1, mode:FULL, rate:85, size:134
2026-05-01 23:12:55, MOVE, v:1, k:ed@lista_d1, mode:EDIT
2026-05-01 23:12:57, MOVE, v:1, k:ed@lista_d1, mode:EDIT
2026-05-01 23:18:42, EXEC, v:1, k:ed@lista_d1, mode:FULL, rate:85, size:142
2026-05-01 23:18:55, EXEC, v:1, k:ed@lista_d1, mode:FULL, rate:28, size:142
2026-05-01 23:20:15, EXEC, v:1, k:ed@lista_d1, mode:FULL, rate:100, size:142
2026-05-01 23:20:13, MOVE, v:1, k:ed@lista_d1, mode:EDIT
2026-05-01 23:20:15, MOVE, v:1, k:ed@lista_d1, mode:EDIT
2026-05-01 23:25:05, EXEC, v:1, k:ed@lista_d1, mode:FULL, rate:85, size:142
2026-05-01 23:25:19, EXEC, v:1, k:ed@lista_d1, mode:FULL, rate:85, size:142
2026-05-01 23:25:50, EXEC, v:1, k:ed@lista_d1, mode:FULL, rate:85, size:143
2026-05-01 23:26:57, EXEC, v:1, k:ed@lista_d1, mode:FULL, rate:100, size:143
2026-05-01 23:26:55, MOVE, v:1, k:ed@lista_d1, mode:EDIT
2026-05-01 23:26:57, MOVE, v:1, k:ed@lista_d1, mode:EDIT
2026-05-01 23:27:56, EXEC, v:1, k:ed@lista_d1, mode:FULL, rate:100
2026-05-01 23:27:56, MOVE, v:1, k:ed@lista_d1, mode:BACK
2026-05-01 23:28:13, SELF, v:1, k:ed@lista_d1, self:1, rate:100, study:240, concept:1, refactor:1
2026-05-01 23:29:33, MOVE, v:1, k:ed@pedra, mode:PICK
2026-05-01 23:29:33, EXEC, v:1, k:ed@pedra, mode:FULL, rate:100
2026-05-01 23:29:34, MOVE, v:1, k:ed@pedra, mode:BACK
2026-05-01 23:29:46, SELF, v:1, k:ed@pedra, self:1, rate:100, study:180, friend:nao, guided:1, concept:1
2026-05-01 23:29:51, SELF, v:1, k:ed@pedra, self:1, rate:100, study:180, friend:nao, concept:1
2026-05-01 23:29:57, MOVE, v:1, k:ed@pedra, mode:PICK
2026-05-01 23:30:24, MOVE, v:1, k:ed@pedra, mode:BACK
2026-05-01 23:30:57, SELF, v:1, k:ed@lista_d1, self:1, rate:85, study:420, concept:1, refactor:1
2026-05-01 23:30:58, MOVE, v:1, k:ed@lista_d1, mode:PICK
2026-05-01 23:30:58, EXEC, v:1, k:ed@lista_d1, mode:FULL, rate:100
2026-05-01 23:30:59, MOVE, v:1, k:ed@lista_d1, mode:BACK
2026-05-01 23:31:13, MOVE, v:1, k:ed@rotacoes, mode:PICK
2026-05-01 23:31:13, EXEC, v:1, k:ed@rotacoes, mode:FULL, rate:100
2026-05-01 23:31:14, MOVE, v:1, k:ed@rotacoes, mode:BACK
2026-05-01 23:31:22, SELF, v:1, k:ed@rotacoes, self:1, rate:100, concept:1, refactor:1
2026-05-01 23:31:25, MOVE, v:1, k:ed@rotacoes, mode:PICK
2026-05-01 23:31:25, EXEC, v:1, k:ed@rotacoes, mode:FULL, rate:100
2026-05-01 23:31:25, MOVE, v:1, k:ed@rotacoes, mode:BACK
2026-05-01 23:31:45, MOVE, v:1, k:ed@labirinto, mode:PICK
2026-05-01 23:31:45, EXEC, v:1, k:ed@labirinto, mode:FULL, rate:100
2026-05-01 23:31:46, MOVE, v:1, k:ed@labirinto, mode:BACK
2026-05-01 23:32:27, MOVE, v:1, k:ed@lista_d2, mode:DOWN
2026-05-01 23:32:27, MOVE, v:1, k:ed@lista_d2, mode:PICK
2026-05-01 23:29:33, MOVE, v:1, k:ed@pedra, mode:EDIT
2026-05-01 23:30:58, MOVE, v:1, k:ed@lista_d1, mode:EDIT
2026-05-01 23:31:25, MOVE, v:1, k:ed@rotacoes, mode:EDIT
2026-05-01 23:31:45, MOVE, v:1, k:ed@labirinto, mode:EDIT
2026-05-01 23:32:27, MOVE, v:1, k:ed@lista_d2, mode:EDIT
2026-05-01 23:32:27, MOVE, v:1, k:ed@lista_d2, mode:EDIT
2026-05-01 23:32:27, MOVE, v:1, k:ed@lista_d2, mode:EDIT
2026-05-01 23:32:27, MOVE, v:1, k:ed@lista_d2, mode:EDIT
