2026-03-26 08:20:58, MOVE, v:1, k:ed@manipulacao, mode:PICK
2026-03-26 08:21:14, EXEC, v:1, k:ed@manipulacao, mode:FULL, rate:14
2026-03-26 08:21:49, EXEC, v:1, k:ed@manipulacao, mode:FULL, rate:14, size:115
2026-03-26 08:22:57, EXEC, v:1, k:ed@manipulacao, mode:FULL, rate:14
2026-03-26 08:29:42, EXEC, v:1, k:ed@manipulacao, mode:FULL, rate:14, size:115
2026-03-26 08:30:32, EXEC, v:1, k:ed@manipulacao, mode:FULL, rate:14, size:115
2026-03-26 08:30:54, EXEC, v:1, k:ed@manipulacao, mode:FULL, rate:28, size:115
2026-03-26 08:34:50, EXEC, v:1, k:ed@manipulacao, mode:FULL, rate:28, size:119
2026-03-26 08:36:33, EXEC, v:1, k:ed@manipulacao, mode:FULL, rate:42, size:119
2026-03-26 08:48:35, EXEC, v:1, k:ed@manipulacao, mode:FULL, rate:42, size:128
2026-03-26 08:52:36, EXEC, v:1, k:ed@manipulacao, mode:FULL, rate:42, size:126
2026-03-26 08:59:19, EXEC, v:1, k:ed@manipulacao, mode:FULL, rate:42, size:133
2026-03-26 09:00:06, EXEC, v:1, k:ed@manipulacao, mode:FULL, rate:57, size:133
2026-03-26 09:01:30, EXEC, v:1, k:ed@manipulacao, mode:FULL, rate:71, size:140
2026-03-26 09:09:27, EXEC, v:1, k:ed@manipulacao, mode:FULL, rate:71, size:147
2026-03-26 09:11:09, EXEC, v:1, k:ed@manipulacao, mode:FULL, rate:85, size:145
2026-03-26 09:11:26, MOVE, v:1, k:ed@manipulacao, mode:BACK
2026-03-26 09:11:28, MOVE, v:1, k:ed@manipulacao, mode:PICK
2026-03-26 09:11:34, EXEC, v:1, k:ed@manipulacao, mode:FULL, rate:85
2026-03-26 09:21:51, EXEC, v:1, k:ed@manipulacao, mode:FULL, size:146, fail:COMP
2026-03-26 09:22:04, EXEC, v:1, k:ed@manipulacao, mode:FULL, size:146, fail:COMP
2026-03-26 09:24:08, EXEC, v:1, k:ed@manipulacao, mode:FULL, size:146, fail:COMP
2026-03-26 09:26:09, EXEC, v:1, k:ed@manipulacao, mode:FULL, rate:71, size:146
2026-03-26 09:26:32, EXEC, v:1, k:ed@manipulacao, mode:FULL, rate:71, size:146
2026-03-26 09:26:57, EXEC, v:1, k:ed@manipulacao, mode:FULL, rate:71, size:146
2026-03-26 09:27:15, EXEC, v:1, k:ed@manipulacao, mode:FULL, rate:71
2026-03-26 09:27:25, EXEC, v:1, k:ed@manipulacao, mode:FULL, rate:71
2026-03-26 09:27:50, EXEC, v:1, k:ed@manipulacao, mode:FULL, rate:71
2026-03-26 09:28:10, EXEC, v:1, k:ed@manipulacao, mode:FULL, rate:71
2026-03-26 09:28:36, EXEC, v:1, k:ed@manipulacao, mode:FULL, rate:71, size:139
2026-03-26 09:30:29, EXEC, v:1, k:ed@manipulacao, mode:FULL, rate:71, size:139
2026-03-26 09:30:57, EXEC, v:1, k:ed@manipulacao, mode:FULL, rate:85, size:145
2026-03-26 09:32:56, EXEC, v:1, k:ed@manipulacao, mode:FULL, rate:100, size:146
2026-03-26 09:34:36, MOVE, v:1, k:ed@manipulacao, mode:BACK
2026-03-26 09:35:30, SELF, v:1, k:ed@manipulacao, self:1, rate:100, study:100, friend:nao, concept:1
2026-03-26 09:36:25, MOVE, v:1, k:ed@manipulacao, mode:PICK
2026-03-26 09:37:10, MOVE, v:1, k:ed@manipulacao, mode:BACK
