2026-04-23 11:04:30, MOVE, v:1, k:ed@magicsearch, mode:PICK
2026-04-23 11:04:31, EXEC, v:1, k:ed@magicsearch, mode:FULL, rate:50
2026-04-23 11:04:31, MOVE, v:1, k:ed@magicsearch, mode:EDIT
2026-04-23 11:05:48, EXEC, v:1, k:ed@magicsearch, mode:FULL, rate:50, size:48
2026-04-23 11:05:59, EXEC, v:1, k:ed@magicsearch, mode:FULL, rate:100, size:48
2026-04-23 11:06:23, EXEC, v:1, k:ed@magicsearch, mode:FULL, rate:50, size:45
2026-04-23 11:06:20, MOVE, v:1, k:ed@magicsearch, mode:EDIT
2026-04-23 11:06:23, MOVE, v:1, k:ed@magicsearch, mode:EDIT
2026-04-23 11:22:21, MOVE, v:1, k:ed@magicsearch, mode:BACK
2026-04-23 15:14:59, MOVE, v:1, k:ed@magicsearch, mode:PICK
2026-04-23 15:14:59, EXEC, v:1, k:ed@magicsearch, mode:FULL, rate:50
2026-04-23 15:15:00, EXEC, v:1, k:ed@magicsearch, mode:FULL, rate:50
2026-04-23 15:15:37, EXEC, v:1, k:ed@magicsearch, mode:FULL, rate:50, size:49
2026-04-23 15:15:44, MOVE, v:1, k:ed@magicsearch, mode:BACK
2026-04-23 15:15:45, MOVE, v:1, k:ed@magicsearch, mode:PICK
2026-04-23 15:15:54, EXEC, v:1, k:ed@magicsearch, mode:FULL, rate:100, size:49
2026-04-23 15:15:56, MOVE, v:1, k:ed@magicsearch, mode:BACK
2026-04-23 15:16:57, MOVE, v:1, k:ed@bettersearch, mode:PICK
2026-04-23 15:16:58, EXEC, v:1, k:ed@bettersearch, mode:FULL, rate:100
2026-04-23 15:16:59, MOVE, v:1, k:ed@bettersearch, mode:BACK
2026-04-23 15:17:02, MOVE, v:1, k:ed@magicsearch, mode:PICK
2026-04-23 15:17:02, EXEC, v:1, k:ed@magicsearch, mode:FULL, rate:100
2026-04-23 15:17:02, MOVE, v:1, k:ed@magicsearch, mode:BACK
2026-04-23 15:21:24, MOVE, v:1, k:ed@vetbuild, mode:PICK
2026-04-23 15:21:24, EXEC, v:1, k:ed@vetbuild, mode:FULL, rate:100
2026-04-23 15:21:25, MOVE, v:1, k:ed@vetbuild, mode:BACK
2026-04-23 15:21:26, MOVE, v:1, k:ed@setbuild, mode:PICK
2026-04-23 15:21:26, EXEC, v:1, k:ed@setbuild, mode:FULL, size:88, fail:COMP
2026-04-23 15:21:27, MOVE, v:1, k:ed@setbuild, mode:BACK
2026-04-23 15:21:29, MOVE, v:1, k:ed@bettersearch, mode:PICK
2026-04-23 15:21:29, EXEC, v:1, k:ed@bettersearch, mode:FULL, rate:100
2026-04-23 15:21:30, MOVE, v:1, k:ed@bettersearch, mode:BACK
2026-04-23 15:21:31, MOVE, v:1, k:ed@multiset, mode:PICK
2026-04-23 15:21:31, EXEC, v:1, k:ed@multiset, mode:FULL, rate:0
2026-04-23 15:21:31, MOVE, v:1, k:ed@multiset, mode:BACK
2026-04-23 15:21:32, MOVE, v:1, k:ed@magicsearch, mode:PICK
2026-04-23 15:21:32, EXEC, v:1, k:ed@magicsearch, mode:FULL, rate:100
2026-04-23 15:21:33, MOVE, v:1, k:ed@magicsearch, mode:BACK
2026-04-23 15:22:28, MOVE, v:1, k:ed@vetbuild, mode:PICK
2026-04-23 15:23:56, EXEC, v:1, k:ed@vetbuild, mode:FULL, rate:100
2026-04-23 15:23:56, MOVE, v:1, k:ed@vetbuild, mode:BACK
2026-04-23 15:24:01, MOVE, v:1, k:ed@multiset, mode:PICK
2026-04-23 15:24:01, EXEC, v:1, k:ed@multiset, mode:FULL, rate:0
2026-04-23 15:23:56, MOVE, v:1, k:ed@vetbuild, mode:EDIT
2026-04-23 15:21:29, MOVE, v:1, k:ed@bettersearch, mode:EDIT
2026-04-23 15:24:01, MOVE, v:1, k:ed@multiset, mode:EDIT
2026-04-23 15:21:32, MOVE, v:1, k:ed@magicsearch, mode:EDIT
2026-04-23 15:30:20, EXEC, v:1, k:ed@multiset, mode:FULL, rate:0, size:84
2026-04-23 15:30:17, MOVE, v:1, k:ed@multiset, mode:EDIT
2026-04-23 15:30:20, MOVE, v:1, k:ed@multiset, mode:EDIT
2026-04-23 15:34:17, MOVE, v:1, k:ed@multiset, mode:EDIT
2026-04-23 15:37:36, EXEC, v:1, k:ed@multiset, mode:FULL, rate:0, size:97
2026-04-23 15:39:31, EXEC, v:1, k:ed@multiset, mode:FULL, rate:0, size:101
2026-04-23 15:39:43, EXEC, v:1, k:ed@multiset, mode:FULL, rate:0
2026-04-23 15:40:20, MOVE, v:1, k:ed@multiset, mode:BACK
