2026-05-20 10:21:13, MOVE, v:1, k:ed@lista_d1, mode:PICK
2026-05-20 10:21:14, EXEC, v:1, k:ed@lista_d1, mode:FULL, rate:100
2026-05-20 10:21:14, MOVE, v:1, k:ed@lista_d1, mode:BACK
2026-05-20 10:21:14, MOVE, v:1, k:ed@lista_d1, mode:EDIT
2026-05-20 10:22:12, MOVE, v:1, k:ed@editorint, mode:PICK
2026-05-20 10:22:16, EXEC, v:1, k:ed@editorint, mode:LOCK, rate:0, size:259
2026-05-20 10:22:38, EXEC, v:1, k:ed@editorint, mode:LOCK, rate:100
2026-05-20 10:22:42, EXEC, v:1, k:ed@editorint, mode:LOCK, rate:100
2026-05-20 10:22:42, MOVE, v:1, k:ed@editorint, mode:BACK
2026-05-20 10:25:36, MOVE, v:1, k:ed@editorint, mode:PICK
2026-05-20 10:33:23, EXEC, v:1, k:ed@editorint, mode:LOCK, rate:0, size:260
2026-05-20 10:33:32, EXEC, v:1, k:ed@editorint, mode:LOCK, rate:100
2026-05-20 10:33:34, MOVE, v:1, k:ed@editorint, mode:BACK
2026-05-20 10:33:35, MOVE, v:1, k:ed@editorint, mode:PICK
2026-05-20 10:35:52, EXEC, v:1, k:ed@editorint, mode:LOCK, rate:0
2026-05-20 10:35:54, EXEC, v:1, k:ed@editorint, mode:LOCK, rate:0
2026-05-20 10:35:55, EXEC, v:1, k:ed@editorint, mode:LOCK, rate:100
2026-05-20 10:35:56, MOVE, v:1, k:ed@editorint, mode:BACK
2026-05-20 10:35:57, MOVE, v:1, k:ed@editorint, mode:PICK
2026-05-20 10:36:12, MOVE, v:1, k:ed@editorint, mode:PICK
2026-05-20 10:36:14, EXEC, v:1, k:ed@editorint, mode:LOCK, rate:0
2026-05-20 10:36:39, EXEC, v:1, k:ed@editorint, mode:LOCK, rate:0
2026-05-20 10:36:41, EXEC, v:1, k:ed@editorint, mode:LOCK, rate:0
2026-05-20 10:36:45, EXEC, v:1, k:ed@editorint, mode:LOCK, rate:0
2026-05-20 10:36:48, EXEC, v:1, k:ed@editorint, mode:LOCK, rate:0
2026-05-20 10:36:50, EXEC, v:1, k:ed@editorint, mode:LOCK, rate:0
2026-05-20 10:36:52, EXEC, v:1, k:ed@editorint, mode:LOCK, rate:0
2026-05-20 10:36:57, MOVE, v:1, k:ed@editorint, mode:BACK
2026-05-20 10:38:03, MOVE, v:1, k:ed@editorint, mode:BACK
2026-05-20 10:33:19, MOVE, v:1, k:ed@editorint, mode:EDIT
2026-05-20 10:36:50, MOVE, v:1, k:ed@editorint, mode:EDIT
2026-05-20 10:38:03, MOVE, v:1, k:ed@editorint, mode:PICK
2026-05-20 10:38:06, EXEC, v:1, k:ed@editorint, mode:LOCK, rate:0
2026-05-20 10:38:07, MOVE, v:1, k:ed@editorint, mode:BACK
2026-05-20 10:38:09, MOVE, v:1, k:ed@editorint, mode:PICK
2026-05-20 10:39:22, EXEC, v:1, k:ed@editorint, mode:FREE
2026-05-20 10:43:01, EXEC, v:1, k:ed@editorint, mode:FREE
2026-05-20 10:43:01, MOVE, v:1, k:ed@editorint, mode:EDIT
2026-05-20 10:38:24, MOVE, v:1, k:ed@editorint, mode:EDIT
2026-05-20 10:44:43, MOVE, v:1, k:ed@editorint, mode:EDIT
2026-05-20 10:48:31, EXEC, v:1, k:ed@editorint, mode:FREE
2026-05-20 10:48:15, MOVE, v:1, k:ed@editorint, mode:EDIT
2026-05-20 10:48:31, MOVE, v:1, k:ed@editorint, mode:EDIT
2026-05-20 11:16:18, MOVE, v:1, k:ed@editorint, mode:BACK
2026-05-20 11:18:56, MOVE, v:1, k:ed@editorint, mode:PICK
2026-05-20 11:29:48, MOVE, v:1, k:ed@editorint, mode:BACK
