2026-06-30 11:38:30, MOVE, v:1, k:ed@pilha, mode:DOWN
2026-06-30 11:38:30, MOVE, v:1, k:ed@pilha, mode:PICK
2026-06-30 11:38:30, MOVE, v:1, k:ed@pilha, mode:EDIT
2026-06-30 11:38:30, MOVE, v:1, k:ed@pilha, mode:EDIT
2026-06-30 11:43:40, EXEC, v:1, k:ed@pilha, mode:FULL, size:86, fail:COMP
2026-06-30 11:43:41, EXEC, v:1, k:ed@pilha, mode:FULL, fail:COMP
2026-06-30 11:47:10, EXEC, v:1, k:ed@pilha, mode:FULL, rate:0, size:90
2026-06-30 11:47:18, MOVE, v:1, k:ed@pilha, mode:BACK
2026-06-30 11:47:41, MOVE, v:1, k:ed@pilha, mode:PICK
2026-06-30 11:47:42, EXEC, v:1, k:ed@pilha, mode:FULL, rate:0
2026-06-30 11:47:44, MOVE, v:1, k:ed@pilha, mode:BACK
2026-06-30 11:47:48, MOVE, v:1, k:ed@pilha, mode:PICK
2026-06-30 11:47:07, MOVE, v:1, k:ed@pilha, mode:EDIT
2026-06-30 11:47:42, MOVE, v:1, k:ed@pilha, mode:EDIT
2026-06-30 11:48:42, EXEC, v:1, k:ed@pilha, mode:FULL, rate:0, size:90
2026-06-30 11:49:53, EXEC, v:1, k:ed@pilha, mode:FULL, rate:33, size:91
2026-06-30 11:51:50, EXEC, v:1, k:ed@pilha, mode:FULL, rate:33, size:99
2026-06-30 11:52:10, EXEC, v:1, k:ed@pilha, mode:FULL, rate:33, size:99
2026-06-30 11:52:09, MOVE, v:1, k:ed@pilha, mode:EDIT
2026-06-30 11:52:10, MOVE, v:1, k:ed@pilha, mode:EDIT
2026-06-30 12:04:05, EXEC, v:1, k:ed@pilha, mode:FULL, rate:33, size:103
2026-06-30 12:06:06, EXEC, v:1, k:ed@pilha, mode:FULL, rate:33, size:111
2026-06-30 12:06:04, MOVE, v:1, k:ed@pilha, mode:EDIT
2026-06-30 12:06:06, MOVE, v:1, k:ed@pilha, mode:EDIT
2026-06-30 12:12:43, EXEC, v:1, k:ed@pilha, mode:FULL, size:110, fail:COMP
2026-06-30 12:12:40, MOVE, v:1, k:ed@pilha, mode:EDIT
2026-06-30 12:14:40, EXEC, v:1, k:ed@pilha, mode:FULL, rate:33, size:116
2026-06-30 12:17:05, EXEC, v:1, k:ed@pilha, mode:FULL, rate:100, size:124
2026-06-30 12:17:12, MOVE, v:1, k:ed@pilha, mode:BACK
2026-06-30 12:17:04, MOVE, v:1, k:ed@pilha, mode:EDIT
2026-06-30 12:17:05, MOVE, v:1, k:ed@pilha, mode:EDIT
2026-06-30 12:18:00, MOVE, v:1, k:ed@pilha, mode:PICK
2026-06-30 12:18:01, EXEC, v:1, k:ed@pilha, mode:FULL, rate:100
2026-06-30 12:18:01, MOVE, v:1, k:ed@pilha, mode:BACK
2026-06-30 12:18:21, SELF, v:1, k:ed@pilha, self:1, rate:100, study:40, concept:1, refactor:1
2026-06-30 12:22:27, MOVE, v:1, k:ed@serial, mode:DOWN
2026-06-30 12:22:28, MOVE, v:1, k:ed@serial, mode:PICK
2026-06-30 12:22:52, MOVE, v:1, k:ed@serial, mode:BACK
2026-06-30 12:23:14, MOVE, v:1, k:sandbox@user_001, mode:PICK
2026-06-30 12:23:30, EXEC, v:1, k:sandbox@user_001, mode:LOCK, rate:0, size:5
2026-06-30 12:23:32, MOVE, v:1, k:sandbox@user_001, mode:BACK
2026-06-30 12:23:36, MOVE, v:1, k:ed@serial, mode:PICK
2026-06-30 12:24:17, MOVE, v:1, k:ed@serial, mode:BACK
2026-06-30 12:24:18, MOVE, v:1, k:ed@serial, mode:PICK
2026-06-30 12:22:27, MOVE, v:1, k:ed@serial, mode:EDIT
2026-06-30 12:22:27, MOVE, v:1, k:ed@serial, mode:EDIT
2026-06-30 12:23:30, MOVE, v:1, k:sandbox@user_001, mode:EDIT
2026-06-30 13:15:01, EXEC, v:1, k:ed@serial, mode:FULL, size:66, fail:COMP
2026-06-30 13:14:59, MOVE, v:1, k:ed@serial, mode:EDIT
2026-06-30 13:18:04, EXEC, v:1, k:ed@serial, mode:FULL, rate:14, size:79
2026-06-30 13:18:47, EXEC, v:1, k:ed@serial, mode:FULL, rate:100, size:80
2026-06-30 13:18:48, MOVE, v:1, k:ed@serial, mode:BACK
2026-06-30 13:19:15, MOVE, v:1, k:ed@serial, mode:PICK
2026-06-30 13:19:16, EXEC, v:1, k:ed@serial, mode:FULL, rate:100
2026-06-30 13:19:16, MOVE, v:1, k:ed@serial, mode:BACK
2026-06-30 13:19:43, MOVE, v:1, k:ed@serial, mode:PICK
2026-06-30 13:19:44, EXEC, v:1, k:ed@serial, mode:FULL, rate:100
2026-06-30 13:19:44, MOVE, v:1, k:ed@serial, mode:BACK
2026-06-30 13:19:53, SELF, v:1, k:ed@serial, self:1, rate:100, study:20, concept:1, refactor:1
2026-06-30 19:46:46, MOVE, v:1, k:ed@caminho, mode:DOWN
2026-06-30 19:46:47, MOVE, v:1, k:ed@caminho, mode:PICK
2026-06-30 19:46:46, MOVE, v:1, k:ed@caminho, mode:EDIT
2026-06-30 19:46:46, MOVE, v:1, k:ed@caminho, mode:EDIT
2026-06-30 19:46:46, MOVE, v:1, k:ed@caminho, mode:EDIT
2026-06-30 20:09:57, EXEC, v:1, k:ed@caminho, mode:FULL, rate:0, size:137
2026-06-30 20:11:58, MOVE, v:1, k:ed@caminho, mode:BACK
2026-06-30 20:12:06, MOVE, v:1, k:ed@caminho, mode:PICK
2026-06-30 20:20:14, EXEC, v:1, k:ed@caminho, mode:FULL, size:151, fail:COMP
2026-06-30 20:21:06, EXEC, v:1, k:ed@caminho, mode:FULL, rate:0, size:151
2026-06-30 20:21:04, MOVE, v:1, k:ed@caminho, mode:EDIT
2026-06-30 20:21:06, MOVE, v:1, k:ed@caminho, mode:EDIT
2026-06-30 20:34:32, EXEC, v:1, k:ed@caminho, mode:FULL, rate:0, size:150
2026-06-30 20:35:12, EXEC, v:1, k:ed@caminho, mode:FULL, rate:100, size:151
2026-06-30 20:35:13, MOVE, v:1, k:ed@caminho, mode:BACK
2026-06-30 20:35:30, SELF, v:1, k:ed@caminho, self:1, rate:100, study:48, concept:1, refactor:1
