2026-05-07 14:20:45, MOVE, v:1, k:ed@editor, mode:PICK
2026-05-07 14:20:46, EXEC, v:1, k:ed@editor, mode:FULL, rate:50
2026-05-07 14:21:55, EXEC, v:1, k:ed@editor, mode:FULL, rate:50, size:93
2026-05-07 14:22:36, EXEC, v:1, k:ed@editor, mode:FULL, rate:33, size:94
2026-05-07 14:23:23, EXEC, v:1, k:ed@editor, mode:FULL, rate:33, size:94
2026-05-07 14:23:38, EXEC, v:1, k:ed@editor, mode:FULL, rate:33, size:94
2026-05-07 14:23:55, EXEC, v:1, k:ed@editor, mode:FULL, rate:66, size:94
2026-05-07 14:24:45, EXEC, v:1, k:ed@editor, mode:FULL, rate:0, size:98
2026-05-07 14:25:06, EXEC, v:1, k:ed@editor, mode:FULL, rate:66, size:98
2026-05-07 14:25:06, MOVE, v:1, k:ed@editor, mode:EDIT
2026-05-07 14:25:04, MOVE, v:1, k:ed@editor, mode:EDIT
2026-05-07 14:25:31, EXEC, v:1, k:ed@editor, mode:FULL, rate:66, size:98
2026-05-07 14:26:49, EXEC, v:1, k:ed@editor, mode:FULL, size:101, fail:COMP
2026-05-07 14:26:57, EXEC, v:1, k:ed@editor, mode:FULL, rate:66, size:101
2026-05-07 14:27:26, EXEC, v:1, k:ed@editor, mode:FULL, rate:100, size:101
2026-05-07 14:27:53, EXEC, v:1, k:ed@editor, mode:FULL, rate:100, size:98
2026-05-07 14:27:51, MOVE, v:1, k:ed@editor, mode:EDIT
2026-05-07 14:27:53, MOVE, v:1, k:ed@editor, mode:EDIT
2026-05-07 14:33:17, MOVE, v:1, k:ed@editor, mode:EDIT
2026-05-07 14:47:16, MOVE, v:1, k:ed@editor, mode:BACK
2026-05-07 14:48:49, MOVE, v:1, k:ed@editor, mode:PICK
2026-05-07 14:54:49, EXEC, v:1, k:ed@editor, mode:FULL, rate:0, size:88
2026-05-07 14:55:23, EXEC, v:1, k:ed@editor, mode:FULL, rate:0, size:90
2026-05-07 14:55:36, EXEC, v:1, k:ed@editor, mode:FULL, rate:0, size:90
2026-05-07 14:56:04, EXEC, v:1, k:ed@editor, mode:FULL, rate:0, size:90
2026-05-07 14:56:34, EXEC, v:1, k:ed@editor, mode:FULL, rate:16, size:90
2026-05-07 14:56:45, EXEC, v:1, k:ed@editor, mode:FULL, rate:33, size:90
2026-05-07 14:57:23, EXEC, v:1, k:ed@editor, mode:FULL, rate:33, size:92
2026-05-07 14:57:47, EXEC, v:1, k:ed@editor, mode:FULL, rate:33, size:94
2026-05-07 14:57:54, EXEC, v:1, k:ed@editor, mode:FULL, rate:33, size:94
2026-05-07 14:58:33, EXEC, v:1, k:ed@editor, mode:FULL, rate:66, size:98
2026-05-07 14:58:48, EXEC, v:1, k:ed@editor, mode:FULL, rate:66, size:98
2026-05-07 14:58:46, MOVE, v:1, k:ed@editor, mode:EDIT
2026-05-07 14:58:48, MOVE, v:1, k:ed@editor, mode:EDIT
2026-05-07 14:59:08, EXEC, v:1, k:ed@editor, mode:FULL, rate:66, size:98
2026-05-07 14:59:43, EXEC, v:1, k:ed@editor, mode:FULL, rate:66, size:98
2026-05-07 14:59:58, EXEC, v:1, k:ed@editor, mode:FULL, rate:0, size:98
2026-05-07 15:01:24, EXEC, v:1, k:ed@editor, mode:FULL, rate:66, size:98
2026-05-07 15:03:02, EXEC, v:1, k:ed@editor, mode:FULL, rate:100, size:98
2026-05-07 15:02:59, MOVE, v:1, k:ed@editor, mode:EDIT
2026-05-07 15:03:02, MOVE, v:1, k:ed@editor, mode:EDIT
2026-05-07 15:03:54, EXEC, v:1, k:ed@editor, mode:FULL, rate:100
2026-05-07 15:03:58, MOVE, v:1, k:ed@editor, mode:BACK
