2026-05-02 00:12:43, MOVE, v:1, k:ed@lista_d2, mode:BACK
2026-05-02 00:12:46, MOVE, v:1, k:ed@lista_d4, mode:DOWN
2026-05-02 00:12:47, MOVE, v:1, k:ed@lista_d4, mode:PICK
2026-05-02 00:12:55, MOVE, v:1, k:ed@lista_d4, mode:BACK
2026-05-02 00:12:57, MOVE, v:1, k:ed@lista_d2, mode:PICK
2026-05-02 00:12:46, MOVE, v:1, k:ed@lista_d4, mode:EDIT
2026-05-02 00:12:46, MOVE, v:1, k:ed@lista_d4, mode:EDIT
2026-05-02 00:12:46, MOVE, v:1, k:ed@lista_d4, mode:EDIT
2026-05-02 00:12:46, MOVE, v:1, k:ed@lista_d4, mode:EDIT
2026-05-02 00:28:18, MOVE, v:1, k:ed@lista_d2, mode:EDIT
2026-05-02 00:32:18, MOVE, v:1, k:ed@lista_d2, mode:EDIT
2026-05-02 00:37:00, EXEC, v:1, k:ed@lista_d2, mode:FULL, rate:0, size:151
2026-05-02 00:37:09, EXEC, v:1, k:ed@lista_d2, mode:FULL, rate:0
2026-05-02 00:37:37, EXEC, v:1, k:ed@lista_d2, mode:FULL, rate:0, size:151
2026-05-02 00:40:13, EXEC, v:1, k:ed@lista_d2, mode:FULL, rate:0, size:160
2026-05-02 00:39:57, MOVE, v:1, k:ed@lista_d2, mode:EDIT
2026-05-02 00:40:13, MOVE, v:1, k:ed@lista_d2, mode:EDIT
2026-05-02 00:41:57, EXEC, v:1, k:ed@lista_d2, mode:FULL, rate:0, size:160
2026-05-02 00:42:56, EXEC, v:1, k:ed@lista_d2, mode:FULL, rate:0, size:157
2026-05-02 00:43:46, EXEC, v:1, k:ed@lista_d2, mode:FULL, rate:20, size:161
2026-05-02 00:43:44, MOVE, v:1, k:ed@lista_d2, mode:EDIT
2026-05-02 00:43:46, MOVE, v:1, k:ed@lista_d2, mode:EDIT
2026-05-02 00:50:52, EXEC, v:1, k:ed@lista_d2, mode:FULL, rate:20, size:175
2026-05-02 00:50:50, MOVE, v:1, k:ed@lista_d2, mode:EDIT
2026-05-02 00:50:52, MOVE, v:1, k:ed@lista_d2, mode:EDIT
2026-05-02 00:52:08, EXEC, v:1, k:ed@lista_d2, mode:FULL, rate:20, size:179
2026-05-02 00:56:10, MOVE, v:1, k:ed@lista_d2, mode:EDIT
2026-05-02 00:52:08, MOVE, v:1, k:ed@lista_d2, mode:EDIT
2026-05-02 00:59:30, EXEC, v:1, k:ed@lista_d2, mode:FULL, rate:20, size:196
2026-05-02 00:59:28, MOVE, v:1, k:ed@lista_d2, mode:EDIT
2026-05-02 00:59:30, MOVE, v:1, k:ed@lista_d2, mode:EDIT
2026-05-02 01:01:29, EXEC, v:1, k:ed@lista_d2, mode:FULL, rate:20, size:201
2026-05-02 01:02:10, EXEC, v:1, k:ed@lista_d2, mode:FULL, rate:20, size:202
2026-05-02 01:03:02, EXEC, v:1, k:ed@lista_d2, mode:FULL, rate:20, size:206
2026-05-02 01:05:11, EXEC, v:1, k:ed@lista_d2, mode:FULL, rate:20, size:206
2026-05-02 01:05:37, EXEC, v:1, k:ed@lista_d2, mode:FULL, rate:20, size:206
2026-05-02 01:06:06, EXEC, v:1, k:ed@lista_d2, mode:FULL, rate:20, size:206
2026-05-02 01:06:04, MOVE, v:1, k:ed@lista_d2, mode:EDIT
2026-05-02 01:06:06, MOVE, v:1, k:ed@lista_d2, mode:EDIT
2026-05-02 01:06:55, EXEC, v:1, k:ed@lista_d2, mode:FULL, rate:20, size:209
2026-05-02 01:09:32, EXEC, v:1, k:ed@lista_d2, mode:FULL, rate:40, size:212
2026-05-02 01:09:30, MOVE, v:1, k:ed@lista_d2, mode:EDIT
2026-05-02 01:09:31, MOVE, v:1, k:ed@lista_d2, mode:EDIT
2026-05-02 01:12:08, EXEC, v:1, k:ed@lista_d2, mode:FULL, rate:60, size:212
2026-05-02 01:12:16, EXEC, v:1, k:ed@lista_d2, mode:FULL, rate:80, size:212
2026-05-02 01:12:25, EXEC, v:1, k:ed@lista_d2, mode:FULL, rate:100, size:212
2026-05-02 01:12:40, MOVE, v:1, k:ed@lista_d2, mode:BACK
2026-05-02 01:13:02, SELF, v:1, k:ed@lista_d1, self:1, rate:85, study:420, concept:1, refactor:1
2026-05-02 01:13:03, MOVE, v:1, k:ed@lista_d1, mode:PICK
2026-05-02 01:13:03, EXEC, v:1, k:ed@lista_d1, mode:FULL, rate:100
2026-05-02 01:13:04, MOVE, v:1, k:ed@lista_d1, mode:BACK
2026-05-02 01:13:06, MOVE, v:1, k:ed@lista_d2, mode:PICK
2026-05-02 01:13:06, EXEC, v:1, k:ed@lista_d2, mode:FULL, rate:100
2026-05-02 01:13:06, MOVE, v:1, k:ed@lista_d2, mode:BACK
2026-05-02 01:13:20, SELF, v:1, k:ed@lista_d2, self:1, rate:100, study:100
2026-05-02 01:15:50, MOVE, v:1, k:ed@lista_d1, mode:PICK
2026-05-02 01:15:51, EXEC, v:1, k:ed@lista_d1, mode:FULL, rate:100
2026-05-02 01:15:52, MOVE, v:1, k:ed@lista_d1, mode:BACK
2026-05-02 01:15:52, MOVE, v:1, k:ed@lista_d2, mode:PICK
2026-05-02 01:15:53, EXEC, v:1, k:ed@lista_d2, mode:FULL, rate:100
2026-05-02 01:15:53, MOVE, v:1, k:ed@lista_d2, mode:BACK
2026-05-02 01:21:24, MOVE, v:1, k:ed@labirinto, mode:PICK
2026-05-02 01:21:25, EXEC, v:1, k:ed@labirinto, mode:FULL, rate:100
2026-05-02 01:21:25, MOVE, v:1, k:ed@labirinto, mode:BACK
2026-05-02 01:22:50, MOVE, v:1, k:ed@labirinto, mode:PICK
2026-05-02 01:22:51, EXEC, v:1, k:ed@labirinto, mode:FULL, rate:100
2026-05-02 01:22:51, MOVE, v:1, k:ed@labirinto, mode:BACK
2026-05-02 01:23:09, MOVE, v:1, k:ed@labirinto, mode:PICK
2026-05-02 01:23:10, EXEC, v:1, k:ed@labirinto, mode:FULL, rate:100
2026-05-02 01:24:46, MOVE, v:1, k:ed@labirinto, mode:BACK
2026-05-02 01:25:39, MOVE, v:1, k:ed@lista_d4, mode:PICK
2026-05-02 01:25:39, EXEC, v:1, k:ed@lista_d4, mode:FULL, rate:0, size:124
2026-05-02 01:25:42, MOVE, v:1, k:ed@lista_d4, mode:BACK
2026-05-02 09:45:04, MOVE, v:1, k:ed@lista_d1, mode:PICK
2026-05-02 09:45:06, EXEC, v:1, k:ed@lista_d1, mode:FULL, rate:100
2026-05-02 09:45:06, MOVE, v:1, k:ed@lista_d1, mode:EDIT
2026-05-02 09:45:31, MOVE, v:1, k:ed@lista_d1, mode:EDIT
2026-05-02 10:24:23, EXEC, v:1, k:ed@lista_d1, mode:FULL, size:97, fail:COMP
2026-05-02 10:24:50, EXEC, v:1, k:ed@lista_d1, mode:FULL, rate:0, size:98
2026-05-02 10:24:49, MOVE, v:1, k:ed@lista_d1, mode:EDIT
2026-05-02 10:24:50, MOVE, v:1, k:ed@lista_d1, mode:EDIT
2026-05-02 10:28:10, EXEC, v:1, k:ed@lista_d1, mode:FULL, rate:0, size:106
2026-05-02 10:29:59, EXEC, v:1, k:ed@lista_d1, mode:FULL, rate:71, size:117
2026-05-02 10:29:57, MOVE, v:1, k:ed@lista_d1, mode:EDIT
2026-05-02 10:29:58, MOVE, v:1, k:ed@lista_d1, mode:EDIT
2026-05-02 10:34:22, EXEC, v:1, k:ed@lista_d1, mode:FULL, rate:85, size:141
2026-05-02 10:34:30, EXEC, v:1, k:ed@lista_d1, mode:FULL, rate:100, size:141
2026-05-02 10:34:31, MOVE, v:1, k:ed@lista_d1, mode:BACK
2026-05-02 10:34:40, SELF, v:1, k:ed@lista_d1, self:1, rate:100, study:420, concept:1, refactor:1
2026-05-02 10:35:37, MOVE, v:1, k:ed@lista_d4, mode:PICK
2026-05-02 10:35:38, EXEC, v:1, k:ed@lista_d4, mode:FULL, rate:0
2026-05-02 10:34:28, MOVE, v:1, k:ed@lista_d1, mode:EDIT
2026-05-02 10:34:30, MOVE, v:1, k:ed@lista_d1, mode:EDIT
2026-05-02 10:35:38, MOVE, v:1, k:ed@lista_d4, mode:EDIT
2026-05-02 10:37:25, EXEC, v:1, k:ed@lista_d4, mode:FULL, rate:0, size:123
2026-05-02 10:37:35, EXEC, v:1, k:ed@lista_d4, mode:FULL, rate:0, size:124
2026-05-02 10:38:44, EXEC, v:1, k:ed@lista_d4, mode:FULL, size:124, fail:COMP
2026-05-02 10:41:29, MOVE, v:1, k:ed@lista_d4, mode:EDIT
2026-05-02 10:37:35, MOVE, v:1, k:ed@lista_d4, mode:EDIT
2026-05-02 10:44:59, EXEC, v:1, k:ed@lista_d4, mode:FULL, rate:66, size:147
2026-05-02 10:46:36, MOVE, v:1, k:ed@lista_d4, mode:EDIT
2026-05-02 10:44:59, MOVE, v:1, k:ed@lista_d4, mode:EDIT
2026-05-02 10:48:34, EXEC, v:1, k:ed@lista_d4, mode:FULL, rate:66, size:140
2026-05-02 10:49:42, EXEC, v:1, k:ed@lista_d4, mode:FULL, rate:100, size:140
2026-05-02 10:49:46, MOVE, v:1, k:ed@lista_d4, mode:BACK
2026-05-02 11:17:15, MOVE, v:1, k:ed@lista_d1, mode:PICK
2026-05-02 11:17:16, EXEC, v:1, k:ed@lista_d1, mode:FULL, rate:100
2026-05-02 11:17:16, EXEC, v:1, k:ed@lista_d1, mode:FULL, rate:100
2026-05-02 11:17:17, EXEC, v:1, k:ed@lista_d1, mode:FULL, rate:100
2026-05-02 11:17:17, EXEC, v:1, k:ed@lista_d1, mode:FULL, rate:100
2026-05-02 11:17:17, EXEC, v:1, k:ed@lista_d1, mode:FULL, rate:100
2026-05-02 11:17:18, EXEC, v:1, k:ed@lista_d1, mode:FULL, rate:100
2026-05-02 11:17:18, EXEC, v:1, k:ed@lista_d1, mode:FULL, rate:100
2026-05-02 11:17:19, EXEC, v:1, k:ed@lista_d1, mode:FULL, rate:100
2026-05-02 11:17:19, EXEC, v:1, k:ed@lista_d1, mode:FULL, rate:100
2026-05-02 11:17:19, EXEC, v:1, k:ed@lista_d1, mode:FULL, rate:100
2026-05-02 11:17:20, EXEC, v:1, k:ed@lista_d1, mode:FULL, rate:100
2026-05-02 11:17:20, EXEC, v:1, k:ed@lista_d1, mode:FULL, rate:100
2026-05-02 11:17:20, EXEC, v:1, k:ed@lista_d1, mode:FULL, rate:100
2026-05-02 11:17:21, EXEC, v:1, k:ed@lista_d1, mode:FULL, rate:100
2026-05-02 11:17:21, EXEC, v:1, k:ed@lista_d1, mode:FULL, rate:100
2026-05-02 11:17:22, EXEC, v:1, k:ed@lista_d1, mode:FULL, rate:100
2026-05-02 11:17:22, EXEC, v:1, k:ed@lista_d1, mode:FULL, rate:100
2026-05-02 11:17:22, EXEC, v:1, k:ed@lista_d1, mode:FULL, rate:100
2026-05-02 11:17:23, EXEC, v:1, k:ed@lista_d1, mode:FULL, rate:100
2026-05-02 11:17:23, EXEC, v:1, k:ed@lista_d1, mode:FULL, rate:100
2026-05-02 11:17:23, EXEC, v:1, k:ed@lista_d1, mode:FULL, rate:100
2026-05-02 11:17:24, EXEC, v:1, k:ed@lista_d1, mode:FULL, rate:100
2026-05-02 11:17:24, EXEC, v:1, k:ed@lista_d1, mode:FULL, rate:100
2026-05-02 11:17:25, EXEC, v:1, k:ed@lista_d1, mode:FULL, rate:100
2026-05-02 11:17:25, EXEC, v:1, k:ed@lista_d1, mode:FULL, rate:100
2026-05-02 11:17:25, EXEC, v:1, k:ed@lista_d1, mode:FULL, rate:100
2026-05-02 11:17:26, EXEC, v:1, k:ed@lista_d1, mode:FULL, rate:100
2026-05-02 11:17:26, EXEC, v:1, k:ed@lista_d1, mode:FULL, rate:100
2026-05-02 11:17:26, EXEC, v:1, k:ed@lista_d1, mode:FULL, rate:100
2026-05-02 11:17:27, EXEC, v:1, k:ed@lista_d1, mode:FULL, rate:100
2026-05-02 11:17:27, EXEC, v:1, k:ed@lista_d1, mode:FULL, rate:100
2026-05-02 11:17:28, EXEC, v:1, k:ed@lista_d1, mode:FULL, rate:100
2026-05-02 11:17:28, EXEC, v:1, k:ed@lista_d1, mode:FULL, rate:100
2026-05-02 11:17:28, EXEC, v:1, k:ed@lista_d1, mode:FULL, rate:100
2026-05-02 11:17:29, EXEC, v:1, k:ed@lista_d1, mode:FULL, rate:100
2026-05-02 11:17:29, MOVE, v:1, k:ed@lista_d1, mode:BACK
2026-05-02 11:19:07, MOVE, v:1, k:ed@lista_d4, mode:PICK
2026-05-02 11:17:29, MOVE, v:1, k:ed@lista_d1, mode:EDIT
2026-05-02 13:18:12, MOVE, v:1, k:ed@lista_d1, mode:PICK
2026-05-02 13:18:14, EXEC, v:1, k:ed@lista_d1, mode:FULL, rate:100
2026-05-02 13:18:14, MOVE, v:1, k:ed@lista_d1, mode:EDIT
2026-05-02 14:58:55, EXEC, v:1, k:ed@lista_d1, mode:FULL, rate:100, size:139
2026-05-02 14:58:56, MOVE, v:1, k:ed@lista_d1, mode:BACK
2026-05-02 14:58:59, MOVE, v:1, k:ed@lista_d2, mode:PICK
2026-05-02 14:58:52, MOVE, v:1, k:ed@lista_d1, mode:EDIT
2026-05-02 14:58:55, MOVE, v:1, k:ed@lista_d1, mode:EDIT
2026-05-02 15:02:39, EXEC, v:1, k:ed@lista_d2, mode:FULL, size:210, fail:COMP
2026-05-02 15:02:48, EXEC, v:1, k:ed@lista_d2, mode:FULL, rate:100, size:210
2026-05-02 15:04:36, MOVE, v:1, k:ed@lista_d2, mode:BACK
2026-05-02 15:04:39, MOVE, v:1, k:ed@lista_d4, mode:PICK
2026-05-02 15:04:41, MOVE, v:1, k:ed@lista_d4, mode:BACK
2026-05-02 15:04:52, SELF, v:1, k:ed@lista_d2, self:1, rate:100, study:100
2026-05-02 15:04:59, SELF, v:1, k:ed@lista_d1, self:1, rate:100, study:420, concept:1, refactor:1
2026-05-02 15:05:03, MOVE, v:1, k:ed@lista_d4, mode:PICK
2026-05-02 15:02:47, MOVE, v:1, k:ed@lista_d2, mode:EDIT
2026-05-02 15:02:48, MOVE, v:1, k:ed@lista_d2, mode:EDIT
2026-05-02 15:14:56, EXEC, v:1, k:ed@lista_d4, mode:FULL, rate:0, size:107
2026-05-02 15:14:52, MOVE, v:1, k:ed@lista_d4, mode:EDIT
2026-05-02 15:14:56, MOVE, v:1, k:ed@lista_d4, mode:EDIT
2026-05-02 15:20:25, MOVE, v:1, k:ed@lista_d4, mode:EDIT
2026-05-02 15:23:23, MOVE, v:1, k:ed@lista_d4, mode:EDIT
2026-05-02 15:31:17, EXEC, v:1, k:ed@lista_d4, mode:FULL, rate:0, size:143
2026-05-02 15:31:14, MOVE, v:1, k:ed@lista_d4, mode:EDIT
2026-05-02 15:31:16, MOVE, v:1, k:ed@lista_d4, mode:EDIT
2026-05-02 15:32:34, EXEC, v:1, k:ed@lista_d4, mode:FULL, rate:0, size:152
2026-05-02 15:34:24, MOVE, v:1, k:ed@lista_d4, mode:EDIT
2026-05-02 15:32:34, MOVE, v:1, k:ed@lista_d4, mode:EDIT
2026-05-02 15:37:33, EXEC, v:1, k:ed@lista_d4, mode:FULL, rate:100, size:161
2026-05-02 15:37:31, MOVE, v:1, k:ed@lista_d4, mode:EDIT
2026-05-02 15:37:33, MOVE, v:1, k:ed@lista_d4, mode:EDIT
2026-05-02 15:47:31, EXEC, v:1, k:ed@lista_d4, mode:FULL, rate:0, size:161
2026-05-02 15:47:39, EXEC, v:1, k:ed@lista_d4, mode:FULL, rate:100, size:161
2026-05-02 15:48:17, EXEC, v:1, k:ed@lista_d4, mode:FULL, rate:0, size:161
2026-05-02 15:49:32, EXEC, v:1, k:ed@lista_d4, mode:FULL, rate:100, size:161
2026-05-02 15:49:36, EXEC, v:1, k:ed@lista_d4, mode:FULL, rate:100
2026-05-02 15:50:05, MOVE, v:1, k:ed@lista_d4, mode:BACK
2026-05-02 15:50:25, SELF, v:1, k:ed@lista_d4, self:1, rate:100, study:60
2026-05-02 15:50:39, MOVE, v:1, k:ed@lista_d2, mode:PICK
2026-05-02 15:50:39, EXEC, v:1, k:ed@lista_d2, mode:FULL, rate:100
2026-05-02 15:50:40, MOVE, v:1, k:ed@lista_d2, mode:BACK
2026-05-02 15:50:55, SELF, v:1, k:ed@lista_d2, self:1, rate:100, study:105
2026-05-02 15:52:12, MOVE, v:1, k:ed@lista_d4, mode:PICK
2026-05-02 15:52:36, EXEC, v:1, k:ed@lista_d4, mode:FULL, rate:100
2026-05-02 15:53:28, EXEC, v:1, k:ed@lista_d4, mode:FULL, rate:100
2026-05-02 15:53:29, MOVE, v:1, k:ed@lista_d4, mode:BACK
2026-05-02 15:53:30, MOVE, v:1, k:ed@lista_d4, mode:PICK
2026-05-02 15:53:45, EXEC, v:1, k:ed@lista_d4, mode:FULL, rate:100
2026-05-02 15:54:37, EXEC, v:1, k:ed@lista_d4, mode:FULL, rate:100
2026-05-02 15:54:37, MOVE, v:1, k:ed@lista_d4, mode:BACK
2026-05-02 18:58:10, MOVE, v:1, k:ed@prin_list1, mode:DOWN
2026-05-02 18:58:13, MOVE, v:1, k:ed@prin_list1, mode:PICK
2026-05-02 18:59:39, EXEC, v:1, k:ed@prin_list1, mode:FULL, size:172, fail:COMP
2026-05-02 18:59:46, EXEC, v:1, k:ed@prin_list1, mode:FULL, rate:0, size:171
2026-05-02 18:58:10, MOVE, v:1, k:ed@prin_list1, mode:EDIT
2026-05-02 18:58:10, MOVE, v:1, k:ed@prin_list1, mode:EDIT
2026-05-02 18:59:43, MOVE, v:1, k:ed@prin_list1, mode:EDIT
2026-05-02 18:59:46, MOVE, v:1, k:ed@prin_list1, mode:EDIT
2026-05-02 19:14:26, EXEC, v:1, k:ed@prin_list1, mode:FULL, rate:0, size:183
2026-05-02 19:14:40, EXEC, v:1, k:ed@prin_list1, mode:FULL, rate:0, size:183
2026-05-02 19:14:50, EXEC, v:1, k:ed@prin_list1, mode:FULL, rate:0, size:183
2026-05-02 19:14:48, MOVE, v:1, k:ed@prin_list1, mode:EDIT
2026-05-02 19:14:50, MOVE, v:1, k:ed@prin_list1, mode:EDIT
2026-05-02 19:22:11, EXEC, v:1, k:ed@prin_list1, mode:FULL, rate:0, size:191
2026-05-02 19:22:55, EXEC, v:1, k:ed@prin_list1, mode:FULL, rate:0
2026-05-02 19:22:52, MOVE, v:1, k:ed@prin_list1, mode:EDIT
2026-05-02 19:22:55, MOVE, v:1, k:ed@prin_list1, mode:EDIT
2026-05-02 19:25:13, EXEC, v:1, k:ed@prin_list1, mode:FULL, rate:0, size:187
2026-05-02 19:25:48, EXEC, v:1, k:ed@prin_list1, mode:FULL, rate:0, size:187
2026-05-02 19:26:47, EXEC, v:1, k:ed@prin_list1, mode:FULL, rate:0, size:187
2026-05-02 19:27:32, EXEC, v:1, k:ed@prin_list1, mode:FULL, rate:0, size:187
2026-05-02 19:27:46, EXEC, v:1, k:ed@prin_list1, mode:FULL, rate:0, size:187
2026-05-02 19:28:05, MOVE, v:1, k:ed@prin_list1, mode:EDIT
2026-05-02 19:27:46, MOVE, v:1, k:ed@prin_list1, mode:EDIT
2026-05-02 19:28:07, EXEC, v:1, k:ed@prin_list1, mode:FULL, rate:0, size:187
2026-05-02 19:28:23, EXEC, v:1, k:ed@prin_list1, mode:FULL, rate:0, size:188
2026-05-02 19:28:37, EXEC, v:1, k:ed@prin_list1, mode:FULL, rate:0, size:188
2026-05-02 19:29:03, EXEC, v:1, k:ed@prin_list1, mode:FULL, rate:0, size:189
2026-05-02 19:30:57, EXEC, v:1, k:ed@prin_list1, mode:FULL, rate:100, size:187
2026-05-02 19:31:45, EXEC, v:1, k:ed@prin_list1, mode:FULL, rate:0, size:191
2026-05-02 19:31:54, EXEC, v:1, k:ed@prin_list1, mode:FULL, rate:100, size:191
2026-05-02 19:32:25, EXEC, v:1, k:ed@prin_list1, mode:FULL, rate:0, size:171
2026-05-02 19:32:25, MOVE, v:1, k:ed@prin_list1, mode:BACK
2026-05-02 19:32:25, MOVE, v:1, k:ed@prin_list1, mode:EDIT
2026-05-02 19:32:23, MOVE, v:1, k:ed@prin_list1, mode:EDIT
2026-05-02 20:11:14, MOVE, v:1, k:ed@prin_list1, mode:PICK
2026-05-02 20:14:06, EXEC, v:1, k:ed@prin_list1, mode:FULL, rate:0, size:184
2026-05-02 20:15:34, EXEC, v:1, k:ed@prin_list1, mode:FULL, rate:0, size:192
2026-05-02 20:16:00, EXEC, v:1, k:ed@prin_list1, mode:FULL, rate:0, size:192
2026-05-02 20:15:58, MOVE, v:1, k:ed@prin_list1, mode:EDIT
2026-05-02 20:16:00, MOVE, v:1, k:ed@prin_list1, mode:EDIT
2026-05-02 20:16:29, EXEC, v:1, k:ed@prin_list1, mode:FULL, rate:0, size:192
2026-05-02 20:17:04, EXEC, v:1, k:ed@prin_list1, mode:FULL, rate:100, size:192
2026-05-02 20:17:02, MOVE, v:1, k:ed@prin_list1, mode:EDIT
2026-05-02 20:17:04, MOVE, v:1, k:ed@prin_list1, mode:EDIT
2026-05-02 20:26:04, MOVE, v:1, k:ed@prin_list1, mode:EDIT
2026-05-02 20:26:06, EXEC, v:1, k:ed@prin_list1, mode:FULL, rate:100, size:192
2026-05-02 20:26:09, MOVE, v:1, k:ed@prin_list1, mode:BACK
2026-05-02 20:26:11, MOVE, v:1, k:ed@prin_list1, mode:PICK
2026-05-02 20:26:11, EXEC, v:1, k:ed@prin_list1, mode:FULL, rate:100
2026-05-02 20:26:12, MOVE, v:1, k:ed@prin_list1, mode:BACK
2026-05-02 20:26:39, SELF, v:1, k:ed@prin_list1, self:1, rate:100, study:90, concept:1, refactor:1
