2026-04-17 10:26:00, MOVE, v:1, k:ed@vetbuild, mode:PICK
2026-04-17 10:26:02, EXEC, v:1, k:ed@vetbuild, mode:FULL, rate:63
2026-04-17 10:26:08, EXEC, v:1, k:ed@vetbuild, mode:FULL, rate:63
2026-04-17 10:26:08, MOVE, v:1, k:ed@vetbuild, mode:EDIT
2026-04-17 10:37:49, EXEC, v:1, k:ed@vetbuild, mode:FULL, rate:63, size:222
2026-04-17 10:38:21, EXEC, v:1, k:ed@vetbuild, mode:FULL, rate:63, size:223
2026-04-17 10:38:41, EXEC, v:1, k:ed@vetbuild, mode:FULL, rate:63, size:223
2026-04-17 10:39:34, EXEC, v:1, k:ed@vetbuild, mode:FULL, rate:63, size:225
2026-04-17 10:39:53, EXEC, v:1, k:ed@vetbuild, mode:FULL, rate:63, size:225
2026-04-17 10:40:30, EXEC, v:1, k:ed@vetbuild, mode:FULL, rate:72, size:226
2026-04-17 10:40:27, MOVE, v:1, k:ed@vetbuild, mode:EDIT
2026-04-17 10:40:30, MOVE, v:1, k:ed@vetbuild, mode:EDIT
2026-04-17 10:42:59, EXEC, v:1, k:ed@vetbuild, mode:FULL, rate:63, size:225
2026-04-17 10:43:18, EXEC, v:1, k:ed@vetbuild, mode:FULL, rate:63, size:224
2026-04-17 10:43:39, EXEC, v:1, k:ed@vetbuild, mode:FULL, rate:72, size:226
2026-04-17 10:45:10, EXEC, v:1, k:ed@vetbuild, mode:FULL, rate:72
2026-04-17 10:45:08, MOVE, v:1, k:ed@vetbuild, mode:EDIT
2026-04-17 10:45:10, MOVE, v:1, k:ed@vetbuild, mode:EDIT
2026-04-17 10:45:46, EXEC, v:1, k:ed@vetbuild, mode:FULL, rate:63, size:225
2026-04-17 10:46:58, EXEC, v:1, k:ed@vetbuild, mode:FULL, rate:72, size:226
2026-04-17 10:48:01, EXEC, v:1, k:ed@vetbuild, mode:FULL, rate:81, size:226
2026-04-17 10:47:59, MOVE, v:1, k:ed@vetbuild, mode:EDIT
2026-04-17 10:48:01, MOVE, v:1, k:ed@vetbuild, mode:EDIT
2026-04-17 10:58:21, EXEC, v:1, k:ed@vetbuild, mode:FULL, rate:81, size:236
2026-04-17 10:58:13, MOVE, v:1, k:ed@vetbuild, mode:EDIT
2026-04-17 10:58:21, MOVE, v:1, k:ed@vetbuild, mode:EDIT
2026-04-17 11:01:58, EXEC, v:1, k:ed@vetbuild, mode:FULL, rate:81, size:232
2026-04-17 11:01:56, MOVE, v:1, k:ed@vetbuild, mode:EDIT
2026-04-17 11:01:58, MOVE, v:1, k:ed@vetbuild, mode:EDIT
2026-04-17 11:05:53, EXEC, v:1, k:ed@vetbuild, mode:FULL, rate:81, size:232
2026-04-17 11:06:04, EXEC, v:1, k:ed@vetbuild, mode:FULL, rate:72, size:232
2026-04-17 11:06:22, EXEC, v:1, k:ed@vetbuild, mode:FULL, rate:72, size:232
2026-04-17 11:06:51, EXEC, v:1, k:ed@vetbuild, mode:FULL, rate:72, size:232
2026-04-17 11:07:04, EXEC, v:1, k:ed@vetbuild, mode:FULL, rate:72, size:232
2026-04-17 11:08:44, EXEC, v:1, k:ed@vetbuild, mode:FULL, rate:90, size:235
2026-04-17 11:08:42, MOVE, v:1, k:ed@vetbuild, mode:EDIT
2026-04-17 11:08:44, MOVE, v:1, k:ed@vetbuild, mode:EDIT
2026-04-17 11:17:01, MOVE, v:1, k:ed@vetbuild, mode:BACK
2026-04-17 14:19:28, MOVE, v:1, k:ed@vetbuild, mode:PICK
2026-04-17 14:19:30, EXEC, v:1, k:ed@vetbuild, mode:FULL, rate:90
2026-04-17 14:19:36, MOVE, v:1, k:ed@vetbuild, mode:BACK
2026-04-17 14:19:37, MOVE, v:1, k:ed@vetbuild, mode:PICK
2026-04-17 14:19:39, EXEC, v:1, k:ed@vetbuild, mode:FULL, rate:90
2026-04-17 14:20:18, MOVE, v:1, k:ed@vetbuild, mode:BACK
2026-04-17 22:52:42, MOVE, v:1, k:ed@vetbuild, mode:PICK
2026-04-17 22:53:37, MOVE, v:1, k:ed@vetbuild, mode:BACK
2026-04-17 22:53:48, MOVE, v:1, k:eval1@baruel, mode:PICK
2026-04-17 22:53:48, EXEC, v:1, k:eval1@baruel, mode:FULL, rate:100
2026-04-17 22:53:49, MOVE, v:1, k:eval1@baruel, mode:BACK
2026-04-17 22:53:49, MOVE, v:1, k:eval1@apagando, mode:PICK
2026-04-17 22:53:50, EXEC, v:1, k:eval1@apagando, mode:FULL, rate:100
2026-04-17 22:53:50, MOVE, v:1, k:eval1@apagando, mode:BACK
2026-04-17 22:53:50, MOVE, v:1, k:eval1@casais, mode:PICK
2026-04-17 22:53:51, EXEC, v:1, k:eval1@casais, mode:FULL, rate:100
2026-04-17 22:53:51, MOVE, v:1, k:eval1@casais, mode:BACK
2026-04-17 22:53:52, MOVE, v:1, k:eval1@triangulo, mode:PICK
2026-04-17 22:53:52, EXEC, v:1, k:eval1@triangulo, mode:FULL, rate:100
2026-04-17 22:53:52, MOVE, v:1, k:eval1@triangulo, mode:BACK
2026-04-17 22:53:53, MOVE, v:1, k:eval1@queimada, mode:PICK
2026-04-17 22:53:54, EXEC, v:1, k:eval1@queimada, mode:FULL, rate:100
2026-04-17 22:53:55, MOVE, v:1, k:eval1@queimada, mode:BACK
