2026-04-09 13:46:44, MOVE, v:1, k:ed@treinando, mode:PICK
2026-04-09 13:46:45, EXEC, v:1, k:ed@treinando, mode:FULL, rate:100
2026-04-09 13:46:46, MOVE, v:1, k:ed@treinando, mode:BACK
2026-04-09 13:46:52, MOVE, v:1, k:ed@labirinto, mode:DOWN
2026-04-09 13:46:53, MOVE, v:1, k:ed@labirinto, mode:PICK
2026-04-09 13:46:45, MOVE, v:1, k:ed@treinando, mode:EDIT
2026-04-09 13:46:52, MOVE, v:1, k:ed@labirinto, mode:EDIT
2026-04-09 13:46:52, MOVE, v:1, k:ed@labirinto, mode:EDIT
2026-04-09 13:46:52, MOVE, v:1, k:ed@labirinto, mode:EDIT
2026-04-09 14:00:26, EXEC, v:1, k:ed@labirinto, mode:FULL, rate:0, size:66
2026-04-09 14:00:29, MOVE, v:1, k:ed@labirinto, mode:BACK
2026-04-09 14:00:37, MOVE, v:1, k:ed@fractais_png, mode:PICK
2026-04-09 14:00:38, EXEC, v:1, k:ed@fractais_png, mode:LOCK, rate:0
2026-04-09 14:00:26, MOVE, v:1, k:ed@labirinto, mode:EDIT
2026-04-09 14:00:38, MOVE, v:1, k:ed@fractais_png, mode:EDIT
2026-04-09 14:00:38, MOVE, v:1, k:ed@fractais_png, mode:EDIT
2026-04-09 14:00:45, MOVE, v:1, k:ed@labirinto, mode:EDIT
2026-04-09 14:03:04, MOVE, v:1, k:ed@fractais_png, mode:BACK
2026-04-09 14:03:05, MOVE, v:1, k:ed@fractais_png, mode:PICK
2026-04-09 14:03:06, EXEC, v:1, k:ed@fractais_png, mode:LOCK, rate:0
2026-04-09 14:03:45, MOVE, v:1, k:ed@fractais_png, mode:BACK
