2026-03-17 10:38:18, MOVE, v:1, k:ed@pintando, mode:DOWN
2026-03-17 10:38:20, MOVE, v:1, k:ed@mumia, mode:DOWN
2026-03-17 10:38:21, MOVE, v:1, k:ed@fuga, mode:DOWN
2026-03-17 10:38:21, MOVE, v:1, k:ed@pedra, mode:DOWN
2026-03-17 10:38:22, MOVE, v:1, k:ed@casais, mode:DOWN
2026-03-17 10:38:23, MOVE, v:1, k:ed@baruel, mode:DOWN
2026-03-17 10:38:24, MOVE, v:1, k:ed@gomos, mode:DOWN
2026-03-17 10:44:12, MOVE, v:1, k:ed@pintando, mode:PICK
2026-03-17 10:44:13, EXEC, v:1, k:ed@pintando, mode:FULL, rate:100
2026-03-17 10:44:14, MOVE, v:1, k:ed@pintando, mode:BACK
2026-03-17 10:44:15, MOVE, v:1, k:ed@mumia, mode:PICK
2026-03-17 10:44:15, MOVE, v:1, k:ed@mumia, mode:BACK
2026-03-17 10:44:16, MOVE, v:1, k:ed@mumia, mode:PICK
2026-03-17 10:44:16, EXEC, v:1, k:ed@mumia, mode:FULL, rate:100
2026-03-17 10:44:17, MOVE, v:1, k:ed@mumia, mode:BACK
2026-03-17 10:44:18, MOVE, v:1, k:ed@fuga, mode:PICK
2026-03-17 10:44:19, EXEC, v:1, k:ed@fuga, mode:FULL, rate:100
2026-03-17 10:44:19, MOVE, v:1, k:ed@fuga, mode:BACK
2026-03-17 10:44:19, MOVE, v:1, k:ed@pedra, mode:PICK
2026-03-17 10:44:20, EXEC, v:1, k:ed@pedra, mode:FULL, rate:100
2026-03-17 10:44:20, MOVE, v:1, k:ed@pedra, mode:BACK
2026-03-17 10:44:21, MOVE, v:1, k:ed@casais, mode:PICK
2026-03-17 10:44:22, EXEC, v:1, k:ed@casais, mode:FULL, rate:100
2026-03-17 10:44:22, MOVE, v:1, k:ed@casais, mode:BACK
2026-03-17 10:44:23, MOVE, v:1, k:ed@baruel, mode:PICK
2026-03-17 10:44:24, EXEC, v:1, k:ed@baruel, mode:FULL, rate:100
2026-03-17 10:44:24, MOVE, v:1, k:ed@baruel, mode:BACK
2026-03-17 10:44:25, MOVE, v:1, k:ed@gomos, mode:PICK
2026-03-17 10:44:25, EXEC, v:1, k:ed@gomos, mode:FULL, rate:100
2026-03-17 10:44:26, MOVE, v:1, k:ed@gomos, mode:BACK
2026-03-17 10:59:02, MOVE, v:1, k:ed@casais, mode:PICK
2026-03-17 11:00:11, MOVE, v:1, k:ed@casais, mode:BACK
2026-03-17 11:00:12, MOVE, v:1, k:ed@baruel, mode:PICK
2026-03-17 11:00:24, MOVE, v:1, k:ed@baruel, mode:BACK
2026-03-17 11:00:26, MOVE, v:1, k:ed@pedra, mode:PICK
2026-03-17 11:00:37, EXEC, v:1, k:ed@pedra, mode:FULL, rate:100
2026-03-17 11:00:38, MOVE, v:1, k:ed@pedra, mode:BACK
