2026-03-11 10:38:50, MOVE, v:1, k:ed@princesa, mode:PICK
2026-03-11 10:40:12, MOVE, v:1, k:ed@princesa, mode:BACK
2026-03-11 10:55:10, MOVE, v:1, k:ed@princesa, mode:PICK
2026-03-11 10:59:10, MOVE, v:1, k:ed@princesa, mode:BACK
2026-03-11 10:59:21, MOVE, v:1, k:fup@tres, mode:PICK
2026-03-11 11:21:10, EXEC, v:1, k:fup@tres, mode:FULL, rate:0, size:6
2026-03-11 11:21:31, EXEC, v:1, k:fup@tres, mode:FREE
2026-03-11 11:23:17, EXEC, v:1, k:fup@tres, mode:FREE, size:7
2026-03-11 11:23:56, EXEC, v:1, k:fup@tres, mode:FULL, fail:COMP
2026-03-11 11:24:18, EXEC, v:1, k:fup@tres, mode:FULL, rate:0, size:7
2026-03-11 11:24:28, EXEC, v:1, k:fup@tres, mode:FREE
2026-03-11 11:25:13, EXEC, v:1, k:fup@tres, mode:FULL, rate:0
2026-03-11 11:25:13, EXEC, v:1, k:fup@tres, mode:FULL, rate:0
2026-03-11 11:25:14, EXEC, v:1, k:fup@tres, mode:FULL, rate:0
2026-03-11 11:25:14, EXEC, v:1, k:fup@tres, mode:FULL, rate:0
2026-03-11 11:25:14, EXEC, v:1, k:fup@tres, mode:FULL, rate:0
2026-03-11 11:25:15, EXEC, v:1, k:fup@tres, mode:FULL, rate:0
2026-03-11 11:25:47, EXEC, v:1, k:fup@tres, mode:FULL, rate:0, size:8
2026-03-11 11:25:48, EXEC, v:1, k:fup@tres, mode:FULL, rate:0
2026-03-11 11:25:49, EXEC, v:1, k:fup@tres, mode:FULL, rate:0
2026-03-11 11:25:52, EXEC, v:1, k:fup@tres, mode:FULL, rate:0
2026-03-11 11:25:53, EXEC, v:1, k:fup@tres, mode:FULL, rate:0
2026-03-11 11:25:54, EXEC, v:1, k:fup@tres, mode:FREE
2026-03-11 11:26:01, EXEC, v:1, k:fup@tres, mode:FULL, rate:0
2026-03-11 11:26:02, EXEC, v:1, k:fup@tres, mode:FULL, rate:0
2026-03-11 11:26:02, EXEC, v:1, k:fup@tres, mode:FULL, rate:0
2026-03-11 11:26:02, EXEC, v:1, k:fup@tres, mode:FULL, rate:0
2026-03-11 11:26:03, EXEC, v:1, k:fup@tres, mode:FULL, rate:0
2026-03-11 11:26:03, EXEC, v:1, k:fup@tres, mode:FULL, rate:0
2026-03-11 11:26:03, EXEC, v:1, k:fup@tres, mode:FULL, rate:0
2026-03-11 11:26:04, EXEC, v:1, k:fup@tres, mode:FULL, rate:0
2026-03-11 11:26:04, EXEC, v:1, k:fup@tres, mode:FULL, rate:0
2026-03-11 11:26:05, EXEC, v:1, k:fup@tres, mode:FULL, rate:0
2026-03-11 11:26:05, EXEC, v:1, k:fup@tres, mode:FULL, rate:0
2026-03-11 11:26:32, EXEC, v:1, k:fup@tres, mode:FULL, rate:0
2026-03-11 11:26:33, EXEC, v:1, k:fup@tres, mode:FULL, rate:0
2026-03-11 11:26:33, EXEC, v:1, k:fup@tres, mode:FULL, rate:0
2026-03-11 11:26:33, EXEC, v:1, k:fup@tres, mode:FULL, rate:0
2026-03-11 11:26:34, EXEC, v:1, k:fup@tres, mode:FULL, rate:0
2026-03-11 11:26:34, EXEC, v:1, k:fup@tres, mode:FULL, rate:0
2026-03-11 11:26:38, EXEC, v:1, k:fup@tres, mode:FULL, rate:0
2026-03-11 11:26:38, EXEC, v:1, k:fup@tres, mode:FULL, rate:0
2026-03-11 11:26:38, EXEC, v:1, k:fup@tres, mode:FULL, rate:0
2026-03-11 11:26:39, EXEC, v:1, k:fup@tres, mode:FULL, rate:0
2026-03-11 11:26:39, EXEC, v:1, k:fup@tres, mode:FULL, rate:0
2026-03-11 11:26:39, EXEC, v:1, k:fup@tres, mode:FULL, rate:0
2026-03-11 11:26:39, EXEC, v:1, k:fup@tres, mode:FULL, rate:0
2026-03-11 11:26:40, EXEC, v:1, k:fup@tres, mode:FULL, rate:0
2026-03-11 11:26:40, EXEC, v:1, k:fup@tres, mode:FULL, rate:0
2026-03-11 11:26:40, EXEC, v:1, k:fup@tres, mode:FULL, rate:0
2026-03-11 11:26:40, EXEC, v:1, k:fup@tres, mode:FULL, rate:0
2026-03-11 11:26:41, EXEC, v:1, k:fup@tres, mode:FULL, rate:0
2026-03-11 11:26:41, EXEC, v:1, k:fup@tres, mode:FULL, rate:0
2026-03-11 11:26:41, EXEC, v:1, k:fup@tres, mode:FULL, rate:0
2026-03-11 11:26:41, EXEC, v:1, k:fup@tres, mode:FULL, rate:0
2026-03-11 11:26:53, EXEC, v:1, k:fup@tres, mode:FREE
2026-03-11 11:27:01, EXEC, v:1, k:fup@tres, mode:FULL, rate:0
2026-03-11 11:27:02, EXEC, v:1, k:fup@tres, mode:FULL, rate:0
2026-03-11 11:27:02, EXEC, v:1, k:fup@tres, mode:FULL, rate:0
2026-03-11 11:28:22, EXEC, v:1, k:fup@tres, mode:FULL, rate:0, size:8
2026-03-11 11:28:24, EXEC, v:1, k:fup@tres, mode:FULL, rate:0
2026-03-11 11:28:24, EXEC, v:1, k:fup@tres, mode:FULL, rate:0
2026-03-11 11:28:24, EXEC, v:1, k:fup@tres, mode:FULL, rate:0
2026-03-11 11:28:24, EXEC, v:1, k:fup@tres, mode:FULL, rate:0
2026-03-11 11:28:48, EXEC, v:1, k:fup@tres, mode:FULL, rate:0
2026-03-11 11:28:48, EXEC, v:1, k:fup@tres, mode:FULL, rate:0
2026-03-11 11:28:49, EXEC, v:1, k:fup@tres, mode:FULL, rate:0
2026-03-11 11:29:07, EXEC, v:1, k:fup@tres, mode:FULL, rate:0, size:7
2026-03-11 11:29:08, EXEC, v:1, k:fup@tres, mode:FULL, rate:0
2026-03-11 11:29:08, EXEC, v:1, k:fup@tres, mode:FULL, rate:0
2026-03-11 11:29:41, EXEC, v:1, k:fup@tres, mode:FULL, size:7, fail:COMP
2026-03-11 11:29:45, EXEC, v:1, k:fup@tres, mode:FULL, fail:COMP
2026-03-11 11:29:46, EXEC, v:1, k:fup@tres, mode:FULL, fail:COMP
2026-03-11 11:29:59, EXEC, v:1, k:fup@tres, mode:FULL, rate:100, size:7
2026-03-11 11:32:43, EXEC, v:1, k:fup@tres, mode:FULL, rate:100
2026-03-11 11:33:00, MOVE, v:1, k:fup@tres, mode:BACK
2026-03-11 11:33:12, MOVE, v:1, k:fup@resto, mode:DOWN
2026-03-11 11:33:20, MOVE, v:1, k:fup@resto, mode:PICK
2026-03-11 11:34:44, EXEC, v:1, k:fup@resto, mode:FULL, rate:0, size:7
2026-03-11 11:34:58, EXEC, v:1, k:fup@resto, mode:FULL, rate:0, size:7
2026-03-11 11:34:59, EXEC, v:1, k:fup@resto, mode:FULL, rate:0
2026-03-11 11:35:00, EXEC, v:1, k:fup@resto, mode:FULL, rate:0
2026-03-11 11:35:00, EXEC, v:1, k:fup@resto, mode:FULL, rate:0
2026-03-11 11:35:01, EXEC, v:1, k:fup@resto, mode:FULL, rate:0
2026-03-11 11:35:01, EXEC, v:1, k:fup@resto, mode:FULL, rate:0
2026-03-11 11:35:11, EXEC, v:1, k:fup@resto, mode:FULL, rate:0
2026-03-11 11:35:11, EXEC, v:1, k:fup@resto, mode:FULL, rate:0
2026-03-11 11:35:11, EXEC, v:1, k:fup@resto, mode:FULL, rate:0
2026-03-11 11:35:11, EXEC, v:1, k:fup@resto, mode:FULL, rate:0
2026-03-11 11:35:12, EXEC, v:1, k:fup@resto, mode:FULL, rate:0
2026-03-11 11:35:12, EXEC, v:1, k:fup@resto, mode:FULL, rate:0
2026-03-11 11:35:13, EXEC, v:1, k:fup@resto, mode:FULL, rate:0
2026-03-11 11:35:14, EXEC, v:1, k:fup@resto, mode:FULL, rate:0
2026-03-11 11:35:25, EXEC, v:1, k:fup@resto, mode:FULL, rate:0
2026-03-11 11:35:54, EXEC, v:1, k:fup@resto, mode:FULL, rate:0, size:8
2026-03-11 11:35:55, EXEC, v:1, k:fup@resto, mode:FULL, rate:0
2026-03-11 11:35:57, EXEC, v:1, k:fup@resto, mode:FULL, rate:0
2026-03-11 11:35:57, EXEC, v:1, k:fup@resto, mode:FULL, rate:0
2026-03-11 11:37:15, EXEC, v:1, k:fup@resto, mode:FULL, rate:0, size:7
2026-03-11 11:37:16, EXEC, v:1, k:fup@resto, mode:FULL, rate:0
2026-03-11 11:37:17, EXEC, v:1, k:fup@resto, mode:FULL, rate:0
2026-03-11 11:37:17, EXEC, v:1, k:fup@resto, mode:FULL, rate:0
2026-03-11 11:37:24, EXEC, v:1, k:fup@resto, mode:FULL, rate:6, size:7
2026-03-11 11:37:25, EXEC, v:1, k:fup@resto, mode:FULL, rate:6
2026-03-11 11:37:40, EXEC, v:1, k:fup@resto, mode:FULL, rate:100, size:7
2026-03-11 11:37:56, EXEC, v:1, k:fup@resto, mode:FULL, rate:100
2026-03-11 11:37:56, EXEC, v:1, k:fup@resto, mode:FULL, rate:100
2026-03-11 11:37:57, EXEC, v:1, k:fup@resto, mode:FULL, rate:100
2026-03-11 11:37:59, EXEC, v:1, k:fup@resto, mode:FULL, rate:100
2026-03-11 11:38:05, EXEC, v:1, k:fup@resto, mode:FULL, rate:100
2026-03-11 11:38:05, EXEC, v:1, k:fup@resto, mode:FULL, rate:100
2026-03-11 11:38:05, EXEC, v:1, k:fup@resto, mode:FULL, rate:100
2026-03-11 11:38:05, EXEC, v:1, k:fup@resto, mode:FULL, rate:100
2026-03-11 11:38:06, EXEC, v:1, k:fup@resto, mode:FULL, rate:100
2026-03-11 11:38:11, EXEC, v:1, k:fup@resto, mode:FULL, rate:100
2026-03-11 11:40:15, MOVE, v:1, k:fup@resto, mode:BACK
2026-03-11 13:56:42, MOVE, v:1, k:fup@media, mode:DOWN
2026-03-11 13:56:46, MOVE, v:1, k:fup@media, mode:PICK
2026-03-11 13:57:50, EXEC, v:1, k:fup@media, mode:FULL, rate:0, size:8
2026-03-11 13:58:09, EXEC, v:1, k:fup@media, mode:FULL, rate:60, size:8
2026-03-11 13:58:10, EXEC, v:1, k:fup@media, mode:FULL, rate:60
2026-03-11 13:58:35, EXEC, v:1, k:fup@media, mode:FULL, rate:0, size:8
2026-03-11 13:58:44, EXEC, v:1, k:fup@media, mode:FULL, rate:100, size:8
2026-03-11 13:59:23, MOVE, v:1, k:fup@media, mode:BACK
2026-03-11 13:59:59, MOVE, v:1, k:fup@sobrou, mode:DOWN
2026-03-11 14:00:00, MOVE, v:1, k:fup@sobrou, mode:PICK
2026-03-11 14:00:01, EXEC, v:1, k:fup@sobrou, mode:FULL, rate:0, size:5
2026-03-11 14:02:26, EXEC, v:1, k:fup@sobrou, mode:FULL, size:11, fail:COMP
2026-03-11 14:03:19, EXEC, v:1, k:fup@sobrou, mode:FULL, size:12, fail:COMP
2026-03-11 14:03:19, EXEC, v:1, k:fup@sobrou, mode:FULL, size:12, fail:COMP
2026-03-11 14:03:20, EXEC, v:1, k:fup@sobrou, mode:FULL, size:12, fail:COMP
2026-03-11 14:03:20, EXEC, v:1, k:fup@sobrou, mode:FULL, size:12, fail:COMP
2026-03-11 14:03:20, EXEC, v:1, k:fup@sobrou, mode:FULL, size:12, fail:COMP
2026-03-11 14:03:20, EXEC, v:1, k:fup@sobrou, mode:FULL, size:12, fail:COMP
2026-03-11 14:04:01, EXEC, v:1, k:fup@sobrou, mode:FULL, size:15, fail:COMP
2026-03-11 14:04:01, EXEC, v:1, k:fup@sobrou, mode:FULL, size:15, fail:COMP
2026-03-11 14:04:02, EXEC, v:1, k:fup@sobrou, mode:FULL, size:15, fail:COMP
2026-03-11 14:04:04, EXEC, v:1, k:fup@sobrou, mode:FULL, fail:COMP
2026-03-11 14:04:04, EXEC, v:1, k:fup@sobrou, mode:FULL, fail:COMP
2026-03-11 14:04:05, EXEC, v:1, k:fup@sobrou, mode:FULL, fail:COMP
2026-03-11 14:04:05, EXEC, v:1, k:fup@sobrou, mode:FULL, fail:COMP
2026-03-11 14:04:43, EXEC, v:1, k:fup@sobrou, mode:FULL, size:15, fail:COMP
2026-03-11 14:04:43, EXEC, v:1, k:fup@sobrou, mode:FULL, size:15, fail:COMP
2026-03-11 14:04:44, EXEC, v:1, k:fup@sobrou, mode:FULL, size:15, fail:COMP
2026-03-11 14:04:44, EXEC, v:1, k:fup@sobrou, mode:FULL, size:15, fail:COMP
2026-03-11 14:04:44, EXEC, v:1, k:fup@sobrou, mode:FULL, size:15, fail:COMP
2026-03-11 14:04:47, EXEC, v:1, k:fup@sobrou, mode:FULL, fail:COMP
2026-03-11 14:05:03, EXEC, v:1, k:fup@sobrou, mode:FULL, fail:COMP
2026-03-11 14:05:19, EXEC, v:1, k:fup@sobrou, mode:FULL, fail:COMP
2026-03-11 14:05:19, EXEC, v:1, k:fup@sobrou, mode:FULL, fail:COMP
2026-03-11 14:05:19, EXEC, v:1, k:fup@sobrou, mode:FULL, fail:COMP
2026-03-11 14:05:19, EXEC, v:1, k:fup@sobrou, mode:FULL, fail:COMP
2026-03-11 14:05:19, EXEC, v:1, k:fup@sobrou, mode:FULL, fail:COMP
2026-03-11 14:06:11, EXEC, v:1, k:fup@sobrou, mode:FULL, size:16, fail:COMP
2026-03-11 14:06:11, EXEC, v:1, k:fup@sobrou, mode:FULL, size:16, fail:COMP
2026-03-11 14:06:12, EXEC, v:1, k:fup@sobrou, mode:FULL, size:16, fail:COMP
2026-03-11 14:06:12, EXEC, v:1, k:fup@sobrou, mode:FULL, size:16, fail:COMP
2026-03-11 14:16:20, EXEC, v:1, k:fup@sobrou, mode:FULL, size:16, fail:COMP
2026-03-11 14:16:21, EXEC, v:1, k:fup@sobrou, mode:FULL, fail:COMP
2026-03-11 14:16:21, EXEC, v:1, k:fup@sobrou, mode:FULL, fail:COMP
2026-03-11 14:16:57, EXEC, v:1, k:fup@sobrou, mode:FULL, size:16, fail:COMP
2026-03-11 14:16:57, EXEC, v:1, k:fup@sobrou, mode:FULL, size:16, fail:COMP
2026-03-11 14:16:57, EXEC, v:1, k:fup@sobrou, mode:FULL, size:16, fail:COMP
2026-03-11 14:16:57, EXEC, v:1, k:fup@sobrou, mode:FULL, size:16, fail:COMP
2026-03-11 14:16:57, EXEC, v:1, k:fup@sobrou, mode:FULL, size:16, fail:COMP
2026-03-11 14:16:58, EXEC, v:1, k:fup@sobrou, mode:FULL, fail:COMP
2026-03-11 14:16:58, EXEC, v:1, k:fup@sobrou, mode:FULL, fail:COMP
2026-03-11 14:23:36, EXEC, v:1, k:fup@sobrou, mode:FULL, size:16, fail:COMP
2026-03-11 14:23:36, EXEC, v:1, k:fup@sobrou, mode:FULL, size:16, fail:COMP
2026-03-11 14:23:37, EXEC, v:1, k:fup@sobrou, mode:FULL, size:16, fail:COMP
2026-03-11 14:23:37, EXEC, v:1, k:fup@sobrou, mode:FULL, size:16, fail:COMP
2026-03-11 14:29:47, EXEC, v:1, k:fup@sobrou, mode:FULL, size:14, fail:COMP
2026-03-11 14:29:48, EXEC, v:1, k:fup@sobrou, mode:FULL, fail:COMP
2026-03-11 14:29:48, EXEC, v:1, k:fup@sobrou, mode:FULL, fail:COMP
2026-03-11 14:29:48, EXEC, v:1, k:fup@sobrou, mode:FULL, fail:COMP
2026-03-11 14:31:38, EXEC, v:1, k:fup@sobrou, mode:FULL, rate:0, size:14
2026-03-11 14:31:48, EXEC, v:1, k:fup@sobrou, mode:FULL, rate:0, size:14
2026-03-11 14:43:46, EXEC, v:1, k:fup@sobrou, mode:FULL, rate:0
2026-03-11 14:44:25, EXEC, v:1, k:fup@sobrou, mode:FULL, rate:0, size:14
2026-03-11 14:44:37, EXEC, v:1, k:fup@sobrou, mode:FULL, rate:100, size:14
2026-03-11 14:45:10, MOVE, v:1, k:fup@sobrou, mode:BACK
2026-03-11 14:45:25, MOVE, v:1, k:fup@sobrou, mode:PICK
2026-03-11 14:45:31, EXEC, v:1, k:fup@sobrou, mode:FULL, rate:100
2026-03-11 14:45:48, EXEC, v:1, k:fup@sobrou, mode:FULL, rate:100
2026-03-11 14:45:52, MOVE, v:1, k:fup@sobrou, mode:BACK
2026-03-11 22:45:03, MOVE, v:1, k:ed@pintando, mode:DOWN
2026-03-11 22:45:09, MOVE, v:1, k:ed@pintando, mode:PICK
2026-03-11 22:46:32, EXEC, v:1, k:ed@pintando, mode:FULL, rate:0, size:10
2026-03-11 22:46:55, EXEC, v:1, k:ed@pintando, mode:FULL, rate:25, size:10
2026-03-11 22:51:16, EXEC, v:1, k:ed@pintando, mode:FULL, size:15, fail:COMP
2026-03-11 22:51:18, EXEC, v:1, k:ed@pintando, mode:FULL, fail:COMP
2026-03-11 22:51:20, EXEC, v:1, k:ed@pintando, mode:FULL, fail:COMP
2026-03-11 22:51:20, EXEC, v:1, k:ed@pintando, mode:FULL, fail:COMP
2026-03-11 22:51:21, EXEC, v:1, k:ed@pintando, mode:FULL, fail:COMP
2026-03-11 22:51:48, EXEC, v:1, k:ed@pintando, mode:FULL, size:16, fail:COMP
2026-03-11 22:51:48, EXEC, v:1, k:ed@pintando, mode:FULL, size:16, fail:COMP
2026-03-11 22:53:26, EXEC, v:1, k:ed@pintando, mode:FULL, size:16, fail:COMP
2026-03-11 22:53:26, EXEC, v:1, k:ed@pintando, mode:FULL, size:16, fail:COMP
2026-03-11 22:53:26, EXEC, v:1, k:ed@pintando, mode:FULL, size:16, fail:COMP
2026-03-11 22:53:49, EXEC, v:1, k:ed@pintando, mode:FULL, size:16, fail:COMP
2026-03-11 22:53:49, EXEC, v:1, k:ed@pintando, mode:FULL, size:16, fail:COMP
2026-03-11 22:54:16, EXEC, v:1, k:ed@pintando, mode:FULL, size:16, fail:COMP
2026-03-11 22:54:16, EXEC, v:1, k:ed@pintando, mode:FULL, size:16, fail:COMP
2026-03-11 22:54:17, EXEC, v:1, k:ed@pintando, mode:FULL, size:16, fail:COMP
2026-03-11 22:55:32, EXEC, v:1, k:ed@pintando, mode:FULL, size:16, fail:COMP
2026-03-11 22:58:57, EXEC, v:1, k:ed@pintando, mode:FULL, rate:0, size:16
2026-03-11 22:59:17, EXEC, v:1, k:ed@pintando, mode:FULL, rate:0, size:16
2026-03-11 23:00:40, EXEC, v:1, k:ed@pintando, mode:FULL, rate:100, size:16
2026-03-11 23:04:22, EXEC, v:1, k:ed@pintando, mode:FULL, rate:100, size:16
2026-03-11 23:04:23, EXEC, v:1, k:ed@pintando, mode:FULL, rate:100
2026-03-11 23:11:34, MOVE, v:1, k:ed@pintando, mode:BACK
2026-03-11 23:16:15, MOVE, v:1, k:ed@mumia, mode:DOWN
2026-03-11 23:16:16, MOVE, v:1, k:ed@mumia, mode:PICK
2026-03-11 23:24:38, EXEC, v:1, k:ed@mumia, mode:FULL, rate:100, size:25
2026-03-11 23:26:34, MOVE, v:1, k:ed@mumia, mode:BACK
2026-03-11 23:27:12, MOVE, v:1, k:ed@mumia, mode:PICK
2026-03-11 23:30:02, MOVE, v:1, k:ed@mumia, mode:BACK
2026-03-11 23:30:04, MOVE, v:1, k:ed@fuga, mode:DOWN
2026-03-11 23:30:05, MOVE, v:1, k:ed@fuga, mode:PICK
2026-03-11 23:33:59, MOVE, v:1, k:ed@fuga, mode:BACK
2026-03-11 23:35:54, MOVE, v:1, k:ed@fuga, mode:DOWN
2026-03-11 23:35:56, MOVE, v:1, k:ed@fuga, mode:PICK
