2026-03-24 10:20:00, SELF, v:1, k:ed@pintando, self:1, rate:100, study:19, friend:nao, concept:1
2026-03-24 10:20:39, SELF, v:1, k:ed@pintando, self:1, rate:100, study:19, friend:nao, concept:1
2026-03-24 10:20:51, SELF, v:1, k:ed@mumia, self:1, rate:100, study:8, friend:nao, guided:1, concept:1
2026-03-24 10:21:00, SELF, v:1, k:ed@fuga, self:1, rate:100, study:35, friend:nao, guided:1, concept:1
2026-03-24 10:21:08, SELF, v:1, k:ed@pedra, self:1, rate:100, study:160, friend:nao, guided:1, concept:1
2026-03-24 10:21:14, SELF, v:1, k:ed@casais, self:1, rate:100, study:56, friend:nao, concept:1
2026-03-24 10:21:21, SELF, v:1, k:ed@baruel, self:1, rate:100, study:250, friend:nao, concept:1
2026-03-24 10:21:28, SELF, v:1, k:ed@gomos, self:1, rate:100, study:161, friend:nao, concept:1
2026-03-24 10:21:49, SELF, v:1, k:ed@baruel, self:1, rate:100, study:250, friend:nao, concept:1, problem:1, refactor:1
2026-03-24 10:23:59, SELF, v:1, k:ed@princesa, self:1, rate:100, study:300, friend:nao, guided:1, concept:1, problem:1, code:1, refactor:1
2026-03-24 10:24:11, SELF, v:1, k:ed@princesa, self:1, rate:100, study:300, friend:nao, guided:1, concept:1, refactor:1
2026-03-24 10:24:22, SELF, v:1, k:ed@apagando, self:1, rate:100, study:100, friend:nao, concept:1
2026-03-24 10:25:19, MOVE, v:1, k:ed@apagando, mode:PICK
2026-03-24 10:30:02, MOVE, v:1, k:ed@apagando, mode:BACK
2026-03-24 10:32:46, MOVE, v:1, k:ed@rotacoes, mode:DOWN
2026-03-24 10:32:47, MOVE, v:1, k:ed@rotacoes, mode:PICK
2026-03-24 10:33:57, MOVE, v:1, k:ed@rotacoes, mode:BACK
2026-03-24 10:33:59, MOVE, v:1, k:ed@buscas, mode:PICK
2026-03-24 10:34:10, MOVE, v:1, k:ed@buscas, mode:BACK
2026-03-24 10:34:14, MOVE, v:1, k:ed@princesa, mode:PICK
2026-03-24 10:36:46, MOVE, v:1, k:ed@princesa, mode:BACK
2026-03-24 10:43:05, MOVE, v:1, k:ed@princesa, mode:PICK
2026-03-24 10:43:44, EXEC, v:1, k:ed@princesa, mode:FREE
2026-03-24 10:44:00, MOVE, v:1, k:ed@princesa, mode:BACK
2026-03-24 10:44:35, MOVE, v:1, k:ed@princesa, mode:PICK
2026-03-24 11:12:25, EXEC, v:1, k:ed@princesa, mode:FULL, rate:0, size:45
2026-03-24 11:12:28, EXEC, v:1, k:ed@princesa, mode:FULL, rate:0
2026-03-24 11:12:30, EXEC, v:1, k:ed@princesa, mode:FULL, rate:0
2026-03-24 11:12:30, MOVE, v:1, k:ed@princesa, mode:BACK
2026-03-24 11:12:36, MOVE, v:1, k:ed@princesa, mode:PICK
2026-03-24 11:12:50, EXEC, v:1, k:ed@princesa, mode:FULL, rate:0
2026-03-24 11:15:20, EXEC, v:1, k:ed@princesa, mode:FULL, rate:0, size:40
2026-03-24 11:17:36, EXEC, v:1, k:ed@princesa, mode:FULL, rate:0, size:45
2026-03-24 11:18:12, EXEC, v:1, k:ed@princesa, mode:FULL, rate:0, size:44
2026-03-24 11:19:38, EXEC, v:1, k:ed@princesa, mode:FULL, rate:0, size:50
2026-03-24 11:20:09, EXEC, v:1, k:ed@princesa, mode:FULL, rate:0, size:51
2026-03-24 11:22:43, EXEC, v:1, k:ed@princesa, mode:FULL, rate:100, size:39
2026-03-24 11:22:43, MOVE, v:1, k:ed@princesa, mode:BACK
2026-03-24 11:23:28, MOVE, v:1, k:ed@manipulacao, mode:PICK
2026-03-24 11:23:39, MOVE, v:1, k:ed@manipulacao, mode:BACK
2026-03-24 11:24:14, MOVE, v:1, k:ed@manipulacao, mode:PICK
2026-03-24 11:24:41, MOVE, v:1, k:ed@manipulacao, mode:BACK
2026-03-24 14:29:11, MOVE, v:1, k:ed@princesa, mode:PICK
2026-03-24 14:39:14, MOVE, v:1, k:ed@princesa, mode:BACK
2026-03-24 14:40:55, MOVE, v:1, k:ed@princesa, mode:PICK
2026-03-24 14:45:32, MOVE, v:1, k:ed@princesa, mode:BACK
2026-03-24 14:45:36, MOVE, v:1, k:ed@manipulacao, mode:PICK
2026-03-24 14:47:02, EXEC, v:1, k:ed@manipulacao, mode:FULL, rate:0
2026-03-24 14:55:29, EXEC, v:1, k:ed@manipulacao, mode:FULL, rate:14, size:110
2026-03-24 14:58:14, EXEC, v:1, k:ed@manipulacao, mode:FULL, size:106, fail:COMP
2026-03-24 14:58:20, EXEC, v:1, k:ed@manipulacao, mode:FULL, size:107, fail:COMP
2026-03-24 14:58:30, EXEC, v:1, k:ed@manipulacao, mode:FULL, rate:0, size:108
2026-03-24 14:58:55, EXEC, v:1, k:ed@manipulacao, mode:FULL, rate:14, size:110
2026-03-24 15:03:04, EXEC, v:1, k:ed@manipulacao, mode:FULL, rate:14, size:115
2026-03-24 15:03:24, EXEC, v:1, k:ed@manipulacao, mode:FULL, rate:14, size:115
2026-03-24 15:03:29, MOVE, v:1, k:ed@manipulacao, mode:BACK
