2026-05-05 08:22:20, MOVE, v:1, k:ed@editor, mode:PICK
2026-05-05 08:29:24, EXEC, v:1, k:ed@editor, mode:FULL, rate:0, size:27
2026-05-05 08:29:21, MOVE, v:1, k:ed@editor, mode:EDIT
2026-05-05 08:29:23, MOVE, v:1, k:ed@editor, mode:EDIT
2026-05-05 08:55:44, EXEC, v:1, k:ed@editor, mode:FULL, rate:0, size:80
2026-05-05 08:56:10, EXEC, v:1, k:ed@editor, mode:FULL, rate:0, size:80
2026-05-05 08:56:07, MOVE, v:1, k:ed@editor, mode:EDIT
2026-05-05 08:56:10, MOVE, v:1, k:ed@editor, mode:EDIT
2026-05-05 09:04:15, EXEC, v:1, k:ed@editor, mode:FULL, rate:0, size:86
2026-05-05 09:04:38, EXEC, v:1, k:ed@editor, mode:FULL, rate:0, size:86
2026-05-05 09:05:15, MOVE, v:1, k:ed@editor, mode:BACK
2026-05-05 10:19:30, MOVE, v:1, k:ed@editor, mode:PICK
2026-05-05 10:22:38, MOVE, v:1, k:ed@editor, mode:EDIT
2026-05-05 10:29:46, MOVE, v:1, k:ed@editor, mode:BACK
2026-05-05 10:29:51, MOVE, v:1, k:ed@editorint, mode:DOWN
2026-05-05 10:29:51, MOVE, v:1, k:ed@editorint, mode:PICK
2026-05-05 10:29:44, MOVE, v:1, k:ed@editor, mode:EDIT
2026-05-05 10:29:51, MOVE, v:1, k:ed@editorint, mode:EDIT
2026-05-05 10:29:51, MOVE, v:1, k:ed@editorint, mode:EDIT
2026-05-05 10:29:51, MOVE, v:1, k:ed@editorint, mode:EDIT
2026-05-05 10:29:51, MOVE, v:1, k:ed@editorint, mode:EDIT
2026-05-05 10:29:51, MOVE, v:1, k:ed@editorint, mode:EDIT
2026-05-05 10:32:59, MOVE, v:1, k:ed@editorint, mode:EDIT
2026-05-05 10:32:59, MOVE, v:1, k:ed@editorint, mode:EDIT
2026-05-05 10:37:18, MOVE, v:1, k:ed@editorint, mode:BACK
2026-05-05 10:37:19, MOVE, v:1, k:ed@editorint, mode:DOWN
2026-05-05 10:37:20, MOVE, v:1, k:ed@editorint, mode:PICK
2026-05-05 10:34:03, MOVE, v:1, k:ed@editorint, mode:EDIT
2026-05-05 10:37:19, MOVE, v:1, k:ed@editorint, mode:EDIT
2026-05-05 10:37:19, MOVE, v:1, k:ed@editorint, mode:EDIT
2026-05-05 10:37:19, MOVE, v:1, k:ed@editorint, mode:EDIT
2026-05-05 10:37:19, MOVE, v:1, k:ed@editorint, mode:EDIT
2026-05-05 10:38:16, MOVE, v:1, k:ed@editorint, mode:EDIT
2026-05-05 10:40:29, MOVE, v:1, k:ed@editorint, mode:EDIT
2026-05-05 10:40:29, MOVE, v:1, k:ed@editorint, mode:EDIT
2026-05-05 10:46:12, MOVE, v:1, k:ed@editorint, mode:BACK
2026-05-05 10:46:12, MOVE, v:1, k:ed@editorint, mode:DOWN
2026-05-05 10:46:13, MOVE, v:1, k:ed@editorint, mode:PICK
2026-05-05 10:47:04, EXEC, v:1, k:ed@editorint, mode:FREE
2026-05-05 10:46:54, MOVE, v:1, k:ed@editorint, mode:EDIT
2026-05-05 10:46:54, MOVE, v:1, k:ed@editorint, mode:EDIT
2026-05-05 10:46:12, MOVE, v:1, k:ed@editorint, mode:EDIT
2026-05-05 10:46:12, MOVE, v:1, k:ed@editorint, mode:EDIT
2026-05-05 10:46:12, MOVE, v:1, k:ed@editorint, mode:EDIT
2026-05-05 10:46:12, MOVE, v:1, k:ed@editorint, mode:EDIT
2026-05-05 10:47:04, MOVE, v:1, k:ed@editorint, mode:EDIT
2026-05-05 10:55:54, MOVE, v:1, k:ed@editorint, mode:BACK
2026-05-05 10:55:58, MOVE, v:1, k:ed@editor, mode:DOWN
2026-05-05 10:55:59, MOVE, v:1, k:ed@editor, mode:PICK
2026-05-05 10:55:50, MOVE, v:1, k:ed@editorint, mode:EDIT
2026-05-05 10:55:58, MOVE, v:1, k:ed@editor, mode:EDIT
2026-05-05 10:55:58, MOVE, v:1, k:ed@editor, mode:EDIT
2026-05-05 10:55:58, MOVE, v:1, k:ed@editor, mode:EDIT
2026-05-05 11:08:56, MOVE, v:1, k:ed@editor, mode:EDIT
2026-05-05 11:13:54, MOVE, v:1, k:ed@editor, mode:EDIT
2026-05-05 11:16:24, EXEC, v:1, k:ed@editor, mode:FULL, rate:0, size:76
2026-05-05 11:18:35, EXEC, v:1, k:ed@editor, mode:FULL, rate:0, size:78
2026-05-05 11:18:33, MOVE, v:1, k:ed@editor, mode:EDIT
2026-05-05 11:18:35, MOVE, v:1, k:ed@editor, mode:EDIT
2026-05-05 11:19:30, EXEC, v:1, k:ed@editor, mode:FULL, rate:0, size:76
2026-05-05 11:20:19, EXEC, v:1, k:ed@editor, mode:FULL, rate:0, size:78
2026-05-05 11:20:36, EXEC, v:1, k:ed@editor, mode:FULL, rate:0, size:78
2026-05-05 11:21:04, EXEC, v:1, k:ed@editor, mode:FULL, rate:0, size:78
2026-05-05 11:21:25, EXEC, v:1, k:ed@editor, mode:FULL, rate:0, size:78
2026-05-05 11:22:27, EXEC, v:1, k:ed@editor, mode:FULL, rate:0, size:78
2026-05-05 11:22:36, EXEC, v:1, k:ed@editor, mode:FULL, rate:0, size:78
2026-05-05 11:22:51, EXEC, v:1, k:ed@editor, mode:FULL, rate:0, size:78
2026-05-05 11:22:49, MOVE, v:1, k:ed@editor, mode:EDIT
2026-05-05 11:22:51, MOVE, v:1, k:ed@editor, mode:EDIT
2026-05-05 11:24:35, EXEC, v:1, k:ed@editor, mode:FULL, rate:0, size:78
2026-05-05 11:24:53, EXEC, v:1, k:ed@editor, mode:FULL, rate:0, size:78
2026-05-05 11:24:59, EXEC, v:1, k:ed@editor, mode:FULL, rate:0, size:78
2026-05-05 11:25:14, EXEC, v:1, k:ed@editor, mode:FULL, rate:0, size:78
2026-05-05 11:26:23, EXEC, v:1, k:ed@editor, mode:FULL, rate:16, size:78
2026-05-05 11:27:26, EXEC, v:1, k:ed@editor, mode:FULL, rate:0, size:80
2026-05-05 11:27:54, EXEC, v:1, k:ed@editor, mode:FULL, rate:33, size:82
2026-05-05 11:27:52, MOVE, v:1, k:ed@editor, mode:EDIT
2026-05-05 11:27:54, MOVE, v:1, k:ed@editor, mode:EDIT
2026-05-05 11:30:20, EXEC, v:1, k:ed@editor, mode:FULL, rate:33, size:85
2026-05-05 11:31:28, EXEC, v:1, k:ed@editor, mode:FULL, rate:50, size:91
2026-05-05 11:32:19, EXEC, v:1, k:ed@editor, mode:FULL, rate:50, size:91
2026-05-05 11:32:32, EXEC, v:1, k:ed@editor, mode:FULL, rate:50, size:91
2026-05-05 11:32:48, EXEC, v:1, k:ed@editor, mode:FULL, rate:0, size:94
2026-05-05 11:32:56, EXEC, v:1, k:ed@editor, mode:FULL, rate:50, size:91
2026-05-05 11:32:54, MOVE, v:1, k:ed@editor, mode:EDIT
2026-05-05 11:32:55, MOVE, v:1, k:ed@editor, mode:EDIT
2026-05-05 11:34:32, EXEC, v:1, k:ed@editor, mode:FULL, rate:50
2026-05-05 11:34:32, MOVE, v:1, k:ed@editor, mode:BACK
