2026-06-09 09:50:11, MOVE, v:1, k:ed@enesimo, mode:PICK
2026-06-09 10:02:57, MOVE, v:1, k:ed@enesimo, mode:BACK
2026-06-09 10:05:07, MOVE, v:1, k:ed@ilhas, mode:DOWN
2026-06-09 10:05:23, MOVE, v:1, k:ed@ilhas, mode:PICK
2026-06-09 10:05:07, MOVE, v:1, k:ed@ilhas, mode:EDIT
2026-06-09 10:05:07, MOVE, v:1, k:ed@ilhas, mode:EDIT
2026-06-09 10:05:07, MOVE, v:1, k:ed@ilhas, mode:EDIT
2026-06-09 10:19:35, MOVE, v:1, k:ed@ilhas, mode:BACK
2026-06-09 10:54:14, MOVE, v:1, k:ed@ilhas, mode:PICK
2026-06-09 11:03:00, EXEC, v:1, k:ed@ilhas, mode:FULL, rate:0, size:60
2026-06-09 11:03:06, EXEC, v:1, k:ed@ilhas, mode:FULL, rate:0, size:60
2026-06-09 11:03:04, MOVE, v:1, k:ed@ilhas, mode:EDIT
2026-06-09 11:03:06, MOVE, v:1, k:ed@ilhas, mode:EDIT
2026-06-09 11:04:48, EXEC, v:1, k:ed@ilhas, mode:FULL, rate:0, size:60
2026-06-09 11:05:08, EXEC, v:1, k:ed@ilhas, mode:FULL, rate:0, size:60
2026-06-09 11:05:15, EXEC, v:1, k:ed@ilhas, mode:FULL, rate:100, size:60
2026-06-09 11:05:21, MOVE, v:1, k:ed@ilhas, mode:BACK
2026-06-09 11:05:24, MOVE, v:1, k:ed@ilhas, mode:PICK
2026-06-09 11:05:25, EXEC, v:1, k:ed@ilhas, mode:FULL, rate:100
2026-06-09 11:05:26, MOVE, v:1, k:ed@ilhas, mode:BACK
2026-06-09 11:05:44, MOVE, v:1, k:ed@ilhas, mode:PICK
2026-06-09 11:05:45, MOVE, v:1, k:ed@ilhas, mode:BACK
2026-06-09 11:07:22, MOVE, v:1, k:ed@ilhas, mode:PICK
2026-06-09 11:07:22, EXEC, v:1, k:ed@ilhas, mode:FULL, rate:100
2026-06-09 11:07:22, MOVE, v:1, k:ed@ilhas, mode:BACK
2026-06-09 11:07:34, SELF, v:1, k:ed@ilhas, self:1, rate:100, study:30, concept:1, refactor:1
2026-06-09 11:07:22, MOVE, v:1, k:ed@ilhas, mode:EDIT
2026-06-09 11:27:30, MOVE, v:1, k:ed@eh_primo, mode:PICK
2026-06-09 11:27:32, EXEC, v:1, k:ed@eh_primo, mode:FULL, rate:100
2026-06-09 11:27:32, MOVE, v:1, k:ed@eh_primo, mode:BACK
2026-06-09 11:27:34, MOVE, v:1, k:ed@enesimo, mode:PICK
2026-06-09 11:27:37, MOVE, v:1, k:ed@enesimo, mode:BACK
2026-06-09 11:27:47, MOVE, v:1, k:ed@enesimo, mode:PICK
2026-06-09 11:30:46, EXEC, v:1, k:ed@enesimo, mode:FULL, rate:0, size:5
2026-06-09 11:27:31, MOVE, v:1, k:ed@eh_primo, mode:EDIT
2026-06-09 11:30:46, MOVE, v:1, k:ed@enesimo, mode:EDIT
2026-06-09 11:39:19, EXEC, v:1, k:ed@enesimo, mode:FULL, rate:0, size:28
2026-06-09 11:39:31, EXEC, v:1, k:ed@enesimo, mode:FULL, rate:0, size:28
2026-06-09 11:40:07, EXEC, v:1, k:ed@enesimo, mode:FULL, rate:100, size:28
2026-06-09 11:40:11, MOVE, v:1, k:ed@enesimo, mode:BACK
2026-06-09 11:40:20, MOVE, v:1, k:ed@enesimo, mode:PICK
2026-06-09 11:44:55, EXEC, v:1, k:ed@enesimo, mode:FULL, rate:100
2026-06-09 11:44:56, MOVE, v:1, k:ed@enesimo, mode:BACK
2026-06-09 11:45:10, SELF, v:1, k:ed@enesimo, self:1, rate:100, study:29, concept:1, refactor:1
2026-06-09 11:45:15, MOVE, v:1, k:ed@enesimo, mode:PICK
2026-06-09 11:45:15, EXEC, v:1, k:ed@enesimo, mode:FULL, rate:100
2026-06-09 11:45:15, MOVE, v:1, k:ed@enesimo, mode:BACK
2026-06-09 11:45:49, MOVE, v:1, k:ed@subset_sum, mode:PICK
2026-06-09 11:46:13, MOVE, v:1, k:ed@subset_sum, mode:BACK
2026-06-09 15:45:10, MOVE, v:1, k:ed@ilhas, mode:PICK
2026-06-09 15:45:10, EXEC, v:1, k:ed@ilhas, mode:FULL, rate:100
2026-06-09 15:45:10, EXEC, v:1, k:ed@ilhas, mode:FULL, rate:100
2026-06-09 15:45:11, EXEC, v:1, k:ed@ilhas, mode:FULL, rate:100
2026-06-09 15:45:11, EXEC, v:1, k:ed@ilhas, mode:FULL, rate:100
2026-06-09 15:45:11, EXEC, v:1, k:ed@ilhas, mode:FULL, rate:100
2026-06-09 15:45:11, EXEC, v:1, k:ed@ilhas, mode:FULL, rate:100
2026-06-09 15:45:12, EXEC, v:1, k:ed@ilhas, mode:FULL, rate:100
2026-06-09 15:45:12, EXEC, v:1, k:ed@ilhas, mode:FULL, rate:100
2026-06-09 15:45:12, EXEC, v:1, k:ed@ilhas, mode:FULL, rate:100
2026-06-09 15:45:13, EXEC, v:1, k:ed@ilhas, mode:FULL, rate:100
2026-06-09 15:45:13, EXEC, v:1, k:ed@ilhas, mode:FULL, rate:100
2026-06-09 15:45:13, EXEC, v:1, k:ed@ilhas, mode:FULL, rate:100
2026-06-09 15:45:13, EXEC, v:1, k:ed@ilhas, mode:FULL, rate:100
2026-06-09 15:45:14, EXEC, v:1, k:ed@ilhas, mode:FULL, rate:100
2026-06-09 15:45:14, EXEC, v:1, k:ed@ilhas, mode:FULL, rate:100
2026-06-09 15:45:14, EXEC, v:1, k:ed@ilhas, mode:FULL, rate:100
2026-06-09 15:45:15, EXEC, v:1, k:ed@ilhas, mode:FULL, rate:100
2026-06-09 15:45:15, EXEC, v:1, k:ed@ilhas, mode:FULL, rate:100
2026-06-09 15:45:15, EXEC, v:1, k:ed@ilhas, mode:FULL, rate:100
2026-06-09 15:45:16, EXEC, v:1, k:ed@ilhas, mode:FULL, rate:100
