2026-04-22 14:02:04, MOVE, v:1, k:ed@bettersearch, mode:PICK
2026-04-22 14:02:37, EXEC, v:1, k:ed@bettersearch, mode:FULL, rate:100
2026-04-22 14:02:40, MOVE, v:1, k:ed@bettersearch, mode:BACK
2026-04-22 14:02:55, MOVE, v:1, k:ed@setbuild, mode:PICK
2026-04-22 14:03:12, MOVE, v:1, k:ed@setbuild, mode:BACK
2026-04-22 16:25:40, MOVE, v:1, k:ed@magicsearch, mode:DOWN
2026-04-22 16:25:40, MOVE, v:1, k:ed@magicsearch, mode:PICK
2026-04-22 16:26:32, EXEC, v:1, k:ed@magicsearch, mode:FULL, rate:30, size:30
2026-04-22 16:25:40, MOVE, v:1, k:ed@magicsearch, mode:EDIT
2026-04-22 16:25:40, MOVE, v:1, k:ed@magicsearch, mode:EDIT
2026-04-22 16:25:40, MOVE, v:1, k:ed@magicsearch, mode:EDIT
2026-04-22 16:26:32, MOVE, v:1, k:ed@magicsearch, mode:EDIT
2026-04-22 16:31:04, EXEC, v:1, k:ed@magicsearch, mode:FULL, rate:0, size:41
2026-04-22 16:31:49, EXEC, v:1, k:ed@magicsearch, mode:FULL, rate:0, size:46
2026-04-22 16:32:36, EXEC, v:1, k:ed@magicsearch, mode:FULL, rate:40, size:47
2026-04-22 16:33:40, EXEC, v:1, k:ed@magicsearch, mode:FULL, rate:40, size:50
2026-04-22 16:34:11, EXEC, v:1, k:ed@magicsearch, mode:FULL, rate:70, size:50
2026-04-22 16:34:09, MOVE, v:1, k:ed@magicsearch, mode:EDIT
2026-04-22 16:34:11, MOVE, v:1, k:ed@magicsearch, mode:EDIT
2026-04-22 16:35:22, MOVE, v:1, k:ed@magicsearch, mode:BACK
2026-04-22 16:35:24, MOVE, v:1, k:ed@magicsearch, mode:PICK
2026-04-22 16:35:24, EXEC, v:1, k:ed@magicsearch, mode:FULL, rate:70
2026-04-22 16:39:31, EXEC, v:1, k:ed@magicsearch, mode:FULL, rate:50, size:42
2026-04-22 16:39:31, MOVE, v:1, k:ed@magicsearch, mode:EDIT
2026-04-22 16:39:30, MOVE, v:1, k:ed@magicsearch, mode:EDIT
2026-04-22 16:41:18, EXEC, v:1, k:ed@magicsearch, mode:FULL, rate:50
2026-04-22 16:41:23, MOVE, v:1, k:ed@magicsearch, mode:BACK
2026-04-22 16:41:40, MOVE, v:1, k:ed@iterador, mode:DOWN
2026-04-22 16:41:41, MOVE, v:1, k:ed@iterador, mode:PICK
2026-04-22 16:41:44, EXEC, v:1, k:ed@iterador, mode:FULL, rate:33, size:82
2026-04-22 16:45:18, MOVE, v:1, k:ed@iterador, mode:BACK
2026-04-22 16:45:22, MOVE, v:1, k:ed@magicsearch, mode:PICK
2026-04-22 16:45:25, EXEC, v:1, k:ed@magicsearch, mode:FULL, rate:50
2026-04-22 16:41:40, MOVE, v:1, k:ed@iterador, mode:EDIT
2026-04-22 16:41:40, MOVE, v:1, k:ed@iterador, mode:EDIT
2026-04-22 16:41:40, MOVE, v:1, k:ed@iterador, mode:EDIT
2026-04-22 16:41:40, MOVE, v:1, k:ed@iterador, mode:EDIT
2026-04-22 16:41:44, MOVE, v:1, k:ed@iterador, mode:EDIT
2026-04-22 16:45:25, MOVE, v:1, k:ed@magicsearch, mode:EDIT
2026-04-22 16:47:57, EXEC, v:1, k:ed@magicsearch, mode:FULL, rate:50, size:45
2026-04-22 16:48:15, MOVE, v:1, k:ed@magicsearch, mode:BACK
