2026-05-27 09:54:43, MOVE, v:1, k:ed@bufferring, mode:DOWN
2026-05-27 09:54:44, MOVE, v:1, k:ed@bufferring, mode:PICK
2026-05-27 09:54:43, MOVE, v:1, k:ed@bufferring, mode:EDIT
2026-05-27 09:54:43, MOVE, v:1, k:ed@bufferring, mode:EDIT
2026-05-27 09:54:43, MOVE, v:1, k:ed@bufferring, mode:EDIT
2026-05-27 09:54:43, MOVE, v:1, k:ed@bufferring, mode:EDIT
2026-05-27 10:00:50, EXEC, v:1, k:ed@bufferring, mode:FULL, size:118, fail:COMP
2026-05-27 10:00:58, EXEC, v:1, k:ed@bufferring, mode:FULL, rate:0, size:118
2026-05-27 10:02:25, EXEC, v:1, k:ed@bufferring, mode:FULL, size:118, fail:COMP
2026-05-27 10:02:25, EXEC, v:1, k:ed@bufferring, mode:FULL, size:118, fail:COMP
2026-05-27 10:02:23, MOVE, v:1, k:ed@bufferring, mode:EDIT
2026-05-27 10:00:57, MOVE, v:1, k:ed@bufferring, mode:EDIT
2026-05-27 10:03:54, EXEC, v:1, k:ed@bufferring, mode:FULL, rate:0, size:122
2026-05-27 10:04:15, EXEC, v:1, k:ed@bufferring, mode:FULL, rate:0, size:123
2026-05-27 10:04:13, MOVE, v:1, k:ed@bufferring, mode:EDIT
2026-05-27 10:04:15, MOVE, v:1, k:ed@bufferring, mode:EDIT
2026-05-27 10:11:35, EXEC, v:1, k:ed@bufferring, mode:FULL, rate:0, size:123
2026-05-27 10:11:32, MOVE, v:1, k:ed@bufferring, mode:EDIT
2026-05-27 10:11:35, MOVE, v:1, k:ed@bufferring, mode:EDIT
2026-05-27 10:18:28, EXEC, v:1, k:ed@bufferring, mode:FULL, rate:0, size:142
2026-05-27 10:18:46, EXEC, v:1, k:ed@bufferring, mode:FULL, rate:0, size:142
2026-05-27 10:18:44, MOVE, v:1, k:ed@bufferring, mode:EDIT
2026-05-27 10:18:46, MOVE, v:1, k:ed@bufferring, mode:EDIT
2026-05-27 10:24:26, EXEC, v:1, k:ed@bufferring, mode:FULL, rate:0, size:139
2026-05-27 10:26:59, MOVE, v:1, k:ed@bufferring, mode:EDIT
2026-05-27 10:24:26, MOVE, v:1, k:ed@bufferring, mode:EDIT
2026-05-27 10:28:06, EXEC, v:1, k:ed@bufferring, mode:FULL, size:146, fail:COMP
2026-05-27 10:28:16, EXEC, v:1, k:ed@bufferring, mode:FULL, rate:0, size:147
2026-05-27 10:28:41, MOVE, v:1, k:ed@bufferring, mode:PICK
2026-05-27 10:28:45, EXEC, v:1, k:ed@bufferring, mode:FULL, rate:0
2026-05-27 10:29:21, EXEC, v:1, k:ed@bufferring, mode:FULL, rate:16, size:147
2026-05-27 10:29:21, MOVE, v:1, k:ed@bufferring, mode:EDIT
2026-05-27 10:29:19, MOVE, v:1, k:ed@bufferring, mode:EDIT
2026-05-27 10:43:58, MOVE, v:1, k:ed@bufferring, mode:BACK
2026-05-27 10:44:05, MOVE, v:1, k:ed@bufferring, mode:PICK
2026-05-27 10:56:25, MOVE, v:1, k:ed@bufferring, mode:BACK
2026-05-27 11:45:01, MOVE, v:1, k:ed@wordsearch, mode:PICK
2026-05-27 12:06:50, MOVE, v:1, k:ed@wordsearch, mode:BACK
2026-05-27 13:51:17, MOVE, v:1, k:ed@wordsearch, mode:PICK
2026-05-27 14:15:16, EXEC, v:1, k:ed@wordsearch, mode:FULL, rate:75, size:91
2026-05-27 14:15:13, MOVE, v:1, k:ed@wordsearch, mode:EDIT
2026-05-27 14:15:16, MOVE, v:1, k:ed@wordsearch, mode:EDIT
2026-05-27 14:16:33, EXEC, v:1, k:ed@wordsearch, mode:FULL, rate:75, size:91
2026-05-27 14:16:56, MOVE, v:1, k:ed@wordsearch, mode:BACK
2026-05-27 14:16:57, MOVE, v:1, k:ed@wordsearch, mode:PICK
2026-05-27 14:17:04, EXEC, v:1, k:ed@wordsearch, mode:FULL, rate:75
2026-05-27 14:17:28, EXEC, v:1, k:ed@wordsearch, mode:FULL, rate:0, size:91
2026-05-27 14:19:30, EXEC, v:1, k:ed@wordsearch, mode:FULL, rate:100, size:91
2026-05-27 14:19:46, MOVE, v:1, k:ed@wordsearch, mode:BACK
2026-05-27 14:20:21, SELF, v:1, k:ed@wordsearch, self:1, rate:100, study:111, concept:1, refactor:1
2026-05-27 14:20:33, MOVE, v:1, k:ed@bufferring, mode:PICK
2026-05-27 14:20:51, EXEC, v:1, k:ed@bufferring, mode:FULL, rate:16
2026-05-27 14:20:51, MOVE, v:1, k:ed@bufferring, mode:EDIT
2026-05-27 14:28:42, EXEC, v:1, k:ed@bufferring, mode:FULL, rate:33, size:151
2026-05-27 14:28:39, MOVE, v:1, k:ed@bufferring, mode:EDIT
2026-05-27 14:28:42, MOVE, v:1, k:ed@bufferring, mode:EDIT
2026-05-27 14:35:51, EXEC, v:1, k:ed@bufferring, mode:FULL, rate:33, size:158
2026-05-27 14:37:36, EXEC, v:1, k:ed@bufferring, mode:FULL, rate:33, size:158
2026-05-27 14:37:47, EXEC, v:1, k:ed@bufferring, mode:FULL, rate:33, size:158
2026-05-27 14:37:45, MOVE, v:1, k:ed@bufferring, mode:EDIT
2026-05-27 14:37:47, MOVE, v:1, k:ed@bufferring, mode:EDIT
2026-05-27 14:46:13, EXEC, v:1, k:ed@bufferring, mode:FULL, rate:33, size:158
2026-05-27 14:47:26, MOVE, v:1, k:ed@bufferring, mode:BACK
2026-05-27 16:07:57, MOVE, v:1, k:ed@bufferring, mode:PICK
2026-05-27 16:09:30, EXEC, v:1, k:ed@bufferring, mode:FULL, rate:33
2026-05-27 16:09:30, MOVE, v:1, k:ed@bufferring, mode:EDIT
2026-05-27 16:20:18, EXEC, v:1, k:ed@bufferring, mode:FULL, rate:50, size:167
2026-05-27 16:20:15, MOVE, v:1, k:ed@bufferring, mode:EDIT
2026-05-27 16:20:18, MOVE, v:1, k:ed@bufferring, mode:EDIT
2026-05-27 16:25:30, EXEC, v:1, k:ed@bufferring, mode:FULL, rate:66, size:175
2026-05-27 16:25:28, MOVE, v:1, k:ed@bufferring, mode:EDIT
2026-05-27 16:25:30, MOVE, v:1, k:ed@bufferring, mode:EDIT
2026-05-27 16:30:53, EXEC, v:1, k:ed@bufferring, mode:FULL, rate:33, size:198
2026-05-27 16:30:51, MOVE, v:1, k:ed@bufferring, mode:EDIT
2026-05-27 16:30:53, MOVE, v:1, k:ed@bufferring, mode:EDIT
2026-05-27 16:31:31, EXEC, v:1, k:ed@bufferring, mode:FULL, rate:83, size:198
2026-05-27 16:34:17, EXEC, v:1, k:ed@bufferring, mode:FULL, rate:83, size:198
2026-05-27 16:35:09, EXEC, v:1, k:ed@bufferring, mode:FULL, rate:83, size:198
2026-05-27 16:35:28, EXEC, v:1, k:ed@bufferring, mode:FULL, rate:83, size:199
2026-05-27 16:35:27, MOVE, v:1, k:ed@bufferring, mode:EDIT
2026-05-27 16:35:28, MOVE, v:1, k:ed@bufferring, mode:EDIT
2026-05-27 16:37:01, EXEC, v:1, k:ed@bufferring, mode:FULL, rate:66, size:202
2026-05-27 16:37:24, EXEC, v:1, k:ed@bufferring, mode:FULL, rate:66, size:202
2026-05-27 16:38:03, EXEC, v:1, k:ed@bufferring, mode:FULL, rate:83, size:200
2026-05-27 16:40:38, EXEC, v:1, k:ed@bufferring, mode:FULL, rate:83, size:203
2026-05-27 16:40:35, MOVE, v:1, k:ed@bufferring, mode:EDIT
2026-05-27 16:40:38, MOVE, v:1, k:ed@bufferring, mode:EDIT
2026-05-27 16:41:16, EXEC, v:1, k:ed@bufferring, mode:FULL, rate:83, size:202
2026-05-27 16:42:29, EXEC, v:1, k:ed@bufferring, mode:FULL, rate:100, size:199
2026-05-27 16:42:57, MOVE, v:1, k:ed@bufferring, mode:BACK
2026-05-27 16:43:14, SELF, v:1, k:ed@bufferring, self:1, rate:100, study:120, concept:1, refactor:1
