2026-03-12 08:12:34, MOVE, v:1, k:ed@fuga, mode:PICK
2026-03-12 08:15:25, MOVE, v:1, k:ed@fuga, mode:BACK
2026-03-12 09:21:01, MOVE, v:1, k:ed@fuga, mode:PICK
2026-03-12 09:21:04, EXEC, v:1, k:ed@fuga, mode:FULL, rate:0, size:5
2026-03-12 09:21:21, EXEC, v:1, k:ed@fuga, mode:FULL, rate:0
2026-03-12 09:21:21, EXEC, v:1, k:ed@fuga, mode:FULL, rate:0
2026-03-12 09:21:22, EXEC, v:1, k:ed@fuga, mode:FULL, rate:0
2026-03-12 09:21:46, MOVE, v:1, k:ed@fuga, mode:BACK
2026-03-12 13:30:03, MOVE, v:1, k:ed@fuga, mode:PICK
2026-03-12 13:36:59, EXEC, v:1, k:ed@fuga, mode:FULL, size:36, fail:COMP
2026-03-12 13:37:28, EXEC, v:1, k:ed@fuga, mode:FULL, size:34, fail:COMP
2026-03-12 13:37:28, EXEC, v:1, k:ed@fuga, mode:FULL, size:34, fail:COMP
2026-03-12 13:37:28, EXEC, v:1, k:ed@fuga, mode:FULL, size:34, fail:COMP
2026-03-12 13:37:28, EXEC, v:1, k:ed@fuga, mode:FULL, size:34, fail:COMP
2026-03-12 13:37:29, EXEC, v:1, k:ed@fuga, mode:FULL, size:34, fail:COMP
2026-03-12 13:38:14, EXEC, v:1, k:ed@fuga, mode:FULL, size:35, fail:COMP
2026-03-12 13:38:15, EXEC, v:1, k:ed@fuga, mode:FULL, fail:COMP
2026-03-12 13:38:15, EXEC, v:1, k:ed@fuga, mode:FULL, fail:COMP
2026-03-12 13:39:49, EXEC, v:1, k:ed@fuga, mode:FULL, size:35, fail:COMP
2026-03-12 13:39:50, EXEC, v:1, k:ed@fuga, mode:FULL, fail:COMP
2026-03-12 13:39:50, EXEC, v:1, k:ed@fuga, mode:FULL, fail:COMP
2026-03-12 13:39:50, EXEC, v:1, k:ed@fuga, mode:FULL, fail:COMP
2026-03-12 13:39:50, EXEC, v:1, k:ed@fuga, mode:FULL, fail:COMP
2026-03-12 13:39:51, EXEC, v:1, k:ed@fuga, mode:FULL, fail:COMP
2026-03-12 13:39:51, EXEC, v:1, k:ed@fuga, mode:FULL, fail:COMP
2026-03-12 13:42:55, EXEC, v:1, k:ed@fuga, mode:FULL, rate:30, size:34
2026-03-12 13:43:42, EXEC, v:1, k:ed@fuga, mode:FULL, rate:10, size:34
2026-03-12 13:43:44, EXEC, v:1, k:ed@fuga, mode:FULL, rate:10
2026-03-12 13:43:46, EXEC, v:1, k:ed@fuga, mode:FULL, rate:10
2026-03-12 13:43:48, EXEC, v:1, k:ed@fuga, mode:FULL, rate:10
2026-03-12 13:43:51, EXEC, v:1, k:ed@fuga, mode:FULL, rate:10
2026-03-12 13:43:53, EXEC, v:1, k:ed@fuga, mode:FULL, rate:10
2026-03-12 13:43:55, EXEC, v:1, k:ed@fuga, mode:FULL, rate:10
2026-03-12 13:44:02, EXEC, v:1, k:ed@fuga, mode:FULL, rate:10
2026-03-12 13:44:33, EXEC, v:1, k:ed@fuga, mode:FULL, size:36, fail:COMP
2026-03-12 13:44:35, EXEC, v:1, k:ed@fuga, mode:FULL, fail:COMP
2026-03-12 13:44:45, EXEC, v:1, k:ed@fuga, mode:FULL, rate:60, size:36
2026-03-12 13:44:46, EXEC, v:1, k:ed@fuga, mode:FULL, rate:60
2026-03-12 13:45:46, EXEC, v:1, k:ed@fuga, mode:FULL, rate:80, size:36
2026-03-12 13:45:47, EXEC, v:1, k:ed@fuga, mode:FULL, rate:80
2026-03-12 13:47:13, EXEC, v:1, k:ed@fuga, mode:FULL, rate:80
2026-03-12 13:47:53, EXEC, v:1, k:ed@fuga, mode:FULL, rate:80
2026-03-12 13:49:28, EXEC, v:1, k:ed@fuga, mode:FULL, rate:80, size:36
2026-03-12 13:49:29, EXEC, v:1, k:ed@fuga, mode:FULL, rate:80, size:36
2026-03-12 13:50:39, EXEC, v:1, k:ed@fuga, mode:FULL, rate:80, size:36
2026-03-12 13:50:40, EXEC, v:1, k:ed@fuga, mode:FULL, rate:80
2026-03-12 13:50:59, EXEC, v:1, k:ed@fuga, mode:FREE
2026-03-12 13:51:32, MOVE, v:1, k:ed@fuga, mode:PICK
2026-03-12 13:52:38, EXEC, v:1, k:ed@fuga, mode:FULL, rate:20, size:36
2026-03-12 13:52:40, EXEC, v:1, k:ed@fuga, mode:FULL, rate:20
2026-03-12 13:52:54, EXEC, v:1, k:ed@fuga, mode:FULL, rate:80, size:35
2026-03-12 13:53:36, EXEC, v:1, k:ed@fuga, mode:FULL, rate:80, size:35
2026-03-12 13:53:37, EXEC, v:1, k:ed@fuga, mode:FULL, rate:80
2026-03-12 13:54:35, EXEC, v:1, k:ed@fuga, mode:FULL, size:35, fail:COMP
2026-03-12 13:54:36, EXEC, v:1, k:ed@fuga, mode:FULL, fail:COMP
2026-03-12 13:55:24, EXEC, v:1, k:ed@fuga, mode:FULL, rate:100, size:39
2026-03-12 13:56:17, EXEC, v:1, k:ed@fuga, mode:FULL, rate:100
2026-03-12 13:56:17, EXEC, v:1, k:ed@fuga, mode:FULL, rate:100
2026-03-12 14:00:35, MOVE, v:1, k:ed@fuga, mode:BACK
2026-03-12 23:53:44, MOVE, v:1, k:ed@pedra, mode:DOWN
2026-03-12 23:53:48, MOVE, v:1, k:ed@pedra, mode:PICK
